<?xml version="1.0" encoding="UTF-8"?>
<!-- Generated by org.testng.reporters.JUnitXMLReporter -->
<testsuite ignored="0" hostname="LAPTOP-DUVPB633" failures="0" tests="6" name="Run on Chrome" time="1.128" errors="0" timestamp="03 Sep 2023 11:31:30 GMT">
  <testcase classname="com.nopcommere.user.Level_04_Multi_Browsers" name="@BeforeClass beforeClass" time="1.097">
    <failure type="org.openqa.selenium.SessionNotCreatedException" message="session not created: This version of ChromeDriver only supports Chrome version 114
Current browser version is 116.0.5845.141 with binary path C:\Program Files\Google\Chrome\Application\chrome.exe
Build info: version: &amp;apos;3.141.59&amp;apos;, revision: &amp;apos;e82be7d358&amp;apos;, time: &amp;apos;2018-11-14T08:25:53&amp;apos;
System info: host: &amp;apos;LAPTOP-DUVPB633&amp;apos;, ip: &amp;apos;192.168.1.13&amp;apos;, os.name: &amp;apos;Windows 10&amp;apos;, os.arch: &amp;apos;amd64&amp;apos;, os.version: &amp;apos;10.0&amp;apos;, java.version: &amp;apos;11.0.17&amp;apos;
Driver info: driver.version: ChromeDriver
remote stacktrace: Backtrace:
	GetHandleVerifier [0x0032A813+48355]
	(No symbol) [0x002BC4B1]
	(No symbol) [0x001C5358]
	(No symbol) [0x001E61AC]
	(No symbol) [0x001E1EF3]
	(No symbol) [0x001E0579]
	(No symbol) [0x00210C55]
	(No symbol) [0x0021093C]
	(No symbol) [0x0020A536]
	(No symbol) [0x001E82DC]
	(No symbol) [0x001E93DD]
	GetHandleVerifier [0x0058AABD+2539405]
	GetHandleVerifier [0x005CA78F+2800735]
	GetHandleVerifier [0x005C456C+2775612]
	GetHandleVerifier [0x003B51E0+616112]
	(No symbol) [0x002C5F8C]
	(No symbol) [0x002C2328]
	(No symbol) [0x002C240B]
	(No symbol) [0x002B4FF7]
	BaseThreadInitThunk [0x762200C9+25]
	RtlGetAppContainerNamedObjectPath [0x77567B1E+286]
	RtlGetAppContainerNamedObjectPath [0x77567AEE+238]
">
      <![CDATA[org.openqa.selenium.SessionNotCreatedException: session not created: This version of ChromeDriver only supports Chrome version 114
Current browser version is 116.0.5845.141 with binary path C:\Program Files\Google\Chrome\Application\chrome.exe
Build info: version: '3.141.59', revision: 'e82be7d358', time: '2018-11-14T08:25:53'
System info: host: 'LAPTOP-DUVPB633', ip: '192.168.1.13', os.name: 'Windows 10', os.arch: 'amd64', os.version: '10.0', java.version: '11.0.17'
Driver info: driver.version: ChromeDriver
remote stacktrace: Backtrace:
GetHandleVerifier [0x0032A813+48355]
(No symbol) [0x002BC4B1]
(No symbol) [0x001C5358]
(No symbol) [0x001E61AC]
(No symbol) [0x001E1EF3]
(No symbol) [0x001E0579]
(No symbol) [0x00210C55]
(No symbol) [0x0021093C]
(No symbol) [0x0020A536]
(No symbol) [0x001E82DC]
(No symbol) [0x001E93DD]
GetHandleVerifier [0x0058AABD+2539405]
GetHandleVerifier [0x005CA78F+2800735]
GetHandleVerifier [0x005C456C+2775612]
GetHandleVerifier [0x003B51E0+616112]
(No symbol) [0x002C5F8C]
(No symbol) [0x002C2328]
(No symbol) [0x002C240B]
(No symbol) [0x002B4FF7]
BaseThreadInitThunk [0x762200C9+25]
RtlGetAppContainerNamedObjectPath [0x77567B1E+286]
RtlGetAppContainerNamedObjectPath [0x77567AEE+238]

at org.openqa.selenium.remote.W3CHandshakeResponse.lambda$errorHandler$0(W3CHandshakeResponse.java:62)
at org.openqa.selenium.remote.HandshakeResponse.lambda$getResponseFunction$0(HandshakeResponse.java:30)
at org.openqa.selenium.remote.ProtocolHandshake.lambda$createSession$0(ProtocolHandshake.java:126)
at java.base/java.util.stream.ReferencePipeline$3$1.accept(ReferencePipeline.java:195)
at java.base/java.util.Spliterators$ArraySpliterator.tryAdvance(Spliterators.java:958)
at java.base/java.util.stream.ReferencePipeline.forEachWithCancel(ReferencePipeline.java:127)
at java.base/java.util.stream.AbstractPipeline.copyIntoWithCancel(AbstractPipeline.java:502)
at java.base/java.util.stream.AbstractPipeline.copyInto(AbstractPipeline.java:488)
at java.base/java.util.stream.AbstractPipeline.wrapAndCopyInto(AbstractPipeline.java:474)
at java.base/java.util.stream.FindOps$FindOp.evaluateSequential(FindOps.java:150)
at java.base/java.util.stream.AbstractPipeline.evaluate(AbstractPipeline.java:234)
at java.base/java.util.stream.ReferencePipeline.findFirst(ReferencePipeline.java:543)
at org.openqa.selenium.remote.ProtocolHandshake.createSession(ProtocolHandshake.java:128)
at org.openqa.selenium.remote.ProtocolHandshake.createSession(ProtocolHandshake.java:74)
at org.openqa.selenium.remote.HttpCommandExecutor.execute(HttpCommandExecutor.java:136)
at org.openqa.selenium.remote.service.DriverCommandExecutor.execute(DriverCommandExecutor.java:83)
at org.openqa.selenium.remote.RemoteWebDriver.execute(RemoteWebDriver.java:552)
at org.openqa.selenium.remote.RemoteWebDriver.startSession(RemoteWebDriver.java:213)
at org.openqa.selenium.remote.RemoteWebDriver.<init>(RemoteWebDriver.java:131)
at org.openqa.selenium.chrome.ChromeDriver.<init>(ChromeDriver.java:181)
at org.openqa.selenium.chrome.ChromeDriver.<init>(ChromeDriver.java:168)
at org.openqa.selenium.chrome.ChromeDriver.<init>(ChromeDriver.java:123)
at commons.BaseTest.getBrowserDriver(BaseTest.java:19)
at com.nopcommere.user.Level_04_Multi_Browsers.beforeClass(Level_04_Multi_Browsers.java:39)
... Removed 30 stack frames]]>
    </failure>
  </testcase> <!-- @BeforeClass beforeClass -->
  <testcase classname="com.nopcommere.user.Level_04_Multi_Browsers" name="@AfterClass afterClass" time="0.0">
    <skipped/>
  </testcase> <!-- @AfterClass afterClass -->
  <testcase classname="com.nopcommere.user.Level_04_Multi_Browsers" name="Login_01_Empty_Data" time="0.0">
    <skipped/>
  </testcase> <!-- Login_01_Empty_Data -->
  <testcase classname="com.nopcommere.user.Level_04_Multi_Browsers" name="Login_02_Invalid_Email" time="0.0">
    <skipped/>
  </testcase> <!-- Login_02_Invalid_Email -->
  <testcase classname="com.nopcommere.user.Level_04_Multi_Browsers" name="Login_03_Email_Not_Found" time="0.0">
    <skipped/>
  </testcase> <!-- Login_03_Email_Not_Found -->
  <testcase classname="com.nopcommere.user.Level_04_Multi_Browsers" name="Login_04_Existing_Email_Empty_Password" time="0.0">
    <skipped/>
  </testcase> <!-- Login_04_Existing_Email_Empty_Password -->
  <testcase classname="com.nopcommere.user.Level_04_Multi_Browsers" name="Login_05_Existing_Email_Wrong_Password" time="0.0">
    <skipped/>
  </testcase> <!-- Login_05_Existing_Email_Wrong_Password -->
  <testcase classname="com.nopcommere.user.Level_04_Multi_Browsers" name="Login_06_Existing_Email_Correct_Password" time="0.0">
    <skipped/>
  </testcase> <!-- Login_06_Existing_Email_Correct_Password -->
</testsuite> <!-- Run on Chrome -->
