<!DOCTYPE html PUBLIC "-//W3C//DTD XHTML 1.1//EN" "http://www.w3.org/TR/xhtml11/DTD/xhtml11.dtd">
<html xmlns="http://www.w3.org/1999/xhtml">
<head>
<meta http-equiv="content-type" content="text/html; charset=UTF-8"/>
<title>TestNG Report</title>
<style type="text/css">table {margin-bottom:10px;border-collapse:collapse;empty-cells:show}th,td {border:1px solid #009;padding:.25em .5em}th {vertical-align:bottom}td {vertical-align:top}table a {font-weight:bold}.stripe td {background-color: #E6EBF9}.num {text-align:right}.passedodd td {background-color: #3F3}.passedeven td {background-color: #0A0}.skippedodd td {background-color: #DDD}.skippedeven td {background-color: #CCC}.failedodd td,.attn {background-color: #F33}.failedeven td,.stripe .attn {background-color: #D00}.stacktrace {white-space:pre;font-family:monospace}.totop {font-size:85%;text-align:center;border-bottom:2px solid #000}.invisible {display:none}</style>
</head>
<body>
<table>
<tr><th>Test</th><th># Passed</th><th># Skipped</th><th># Failed</th><th>Time (ms)</th><th>Included Groups</th><th>Excluded Groups</th></tr>
<tr><th colspan="7">Suite</th></tr>
<tr><td><a href="#t0">Run on Headless Firefox</a></td><td class="num">6</td><td class="num">0</td><td class="num">0</td><td class="num">16,869</td><td></td><td></td></tr>
<tr class="stripe"><td><a href="#t1">Run on Headless Chrome</a></td><td class="num">0</td><td class="num attn">6</td><td class="num">0</td><td class="num">3,477</td><td></td><td></td></tr>
<tr><th>Total</th><th class="num">6</th><th class="num attn">6</th><th class="num">0</th><th class="num">20,346</th><th colspan="2"></th></tr>
</table>
<table id='summary'><thead><tr><th>Class</th><th>Method</th><th>Start</th><th>Time (ms)</th></tr></thead><tbody><tr><th colspan="4">Suite</th></tr></tbody><tbody id="t0"><tr><th colspan="4">Run on Headless Firefox &#8212; passed</th></tr><tr class="passedeven"><td rowspan="6">com.nopcommere.user.Level_04_Multi_Browsers</td><td><a href="#m0">Login_01_Empty_Data</a></td><td rowspan="1">1693759532152</td><td rowspan="1">943</td></tr><tr class="passedeven"><td><a href="#m1">Login_02_Invalid_Email</a></td><td rowspan="1">1693759533097</td><td rowspan="1">1031</td></tr><tr class="passedeven"><td><a href="#m2">Login_03_Email_Not_Found</a></td><td rowspan="1">1693759534130</td><td rowspan="1">1305</td></tr><tr class="passedeven"><td><a href="#m3">Login_04_Existing_Email_Empty_Password</a></td><td rowspan="1">1693759535437</td><td rowspan="1">1669</td></tr><tr class="passedeven"><td><a href="#m4">Login_05_Existing_Email_Wrong_Password</a></td><td rowspan="1">1693759537107</td><td rowspan="1">1292</td></tr><tr class="passedeven"><td><a href="#m5">Login_06_Existing_Email_Correct_Password</a></td><td rowspan="1">1693759538401</td><td rowspan="1">1492</td></tr></tbody>
<tbody id="t1"><tr><th colspan="4">Run on Headless Chrome &#8212; failed (configuration methods)</th></tr><tr class="failedeven"><td rowspan="1">com.nopcommere.user.Level_04_Multi_Browsers</td><td><a href="#m6">beforeClass</a></td><td rowspan="1">1693759540924</td><td rowspan="1">3464</td></tr><tr><th colspan="4">Run on Headless Chrome &#8212; skipped (configuration methods)</th></tr><tr class="skippedeven"><td rowspan="1">com.nopcommere.user.Level_04_Multi_Browsers</td><td><a href="#m7">afterClass</a></td><td rowspan="1">1693759544399</td><td rowspan="1">0</td></tr><tr><th colspan="4">Run on Headless Chrome &#8212; skipped</th></tr><tr class="skippedeven"><td rowspan="6">com.nopcommere.user.Level_04_Multi_Browsers</td><td><a href="#m8">Login_01_Empty_Data</a></td><td rowspan="1">1693759544391</td><td rowspan="1">0</td></tr><tr class="skippedeven"><td><a href="#m9">Login_02_Invalid_Email</a></td><td rowspan="1">1693759544393</td><td rowspan="1">0</td></tr><tr class="skippedeven"><td><a href="#m10">Login_03_Email_Not_Found</a></td><td rowspan="1">1693759544395</td><td rowspan="1">0</td></tr><tr class="skippedeven"><td><a href="#m11">Login_04_Existing_Email_Empty_Password</a></td><td rowspan="1">1693759544396</td><td rowspan="1">0</td></tr><tr class="skippedeven"><td><a href="#m12">Login_05_Existing_Email_Wrong_Password</a></td><td rowspan="1">1693759544397</td><td rowspan="1">0</td></tr><tr class="skippedeven"><td><a href="#m13">Login_06_Existing_Email_Correct_Password</a></td><td rowspan="1">1693759544398</td><td rowspan="1">0</td></tr></tbody>
</table>
<h2>Run on Headless Firefox</h2><h3 id="m0">com.nopcommere.user.Level_04_Multi_Browsers#Login_01_Empty_Data</h3><table class="result"><tr><th class="invisible"/></tr></table><p class="totop"><a href="#summary">back to summary</a></p>
<h3 id="m1">com.nopcommere.user.Level_04_Multi_Browsers#Login_02_Invalid_Email</h3><table class="result"><tr><th class="invisible"/></tr></table><p class="totop"><a href="#summary">back to summary</a></p>
<h3 id="m2">com.nopcommere.user.Level_04_Multi_Browsers#Login_03_Email_Not_Found</h3><table class="result"><tr><th class="invisible"/></tr></table><p class="totop"><a href="#summary">back to summary</a></p>
<h3 id="m3">com.nopcommere.user.Level_04_Multi_Browsers#Login_04_Existing_Email_Empty_Password</h3><table class="result"><tr><th class="invisible"/></tr></table><p class="totop"><a href="#summary">back to summary</a></p>
<h3 id="m4">com.nopcommere.user.Level_04_Multi_Browsers#Login_05_Existing_Email_Wrong_Password</h3><table class="result"><tr><th class="invisible"/></tr></table><p class="totop"><a href="#summary">back to summary</a></p>
<h3 id="m5">com.nopcommere.user.Level_04_Multi_Browsers#Login_06_Existing_Email_Correct_Password</h3><table class="result"><tr><th class="invisible"/></tr></table><p class="totop"><a href="#summary">back to summary</a></p>
<h2>Run on Headless Chrome</h2><h3 id="m6">com.nopcommere.user.Level_04_Multi_Browsers#beforeClass</h3><table class="result"><tr class="param"><th>Parameter #1</th></tr><tr class="param stripe"><td>h_chrome</td></tr><tr><th>Exception</th></tr><tr><td><div class="stacktrace">org.openqa.selenium.WebDriverException: unknown error: Chrome failed to start: was killed.
  (unknown error: DevToolsActivePort file doesn&apos;t exist)
  (The process started from chrome location C:\Program Files\Google\Chrome\Application\chrome.exe is no longer running, so ChromeDriver is assuming that Chrome has crashed.)
Build info: version: &apos;3.141.59&apos;, revision: &apos;e82be7d358&apos;, time: &apos;2018-11-14T08:25:53&apos;
System info: host: &apos;LAPTOP-DUVPB633&apos;, ip: &apos;192.168.1.13&apos;, os.name: &apos;Windows 10&apos;, os.arch: &apos;amd64&apos;, os.version: &apos;10.0&apos;, java.version: &apos;11.0.17&apos;
Driver info: driver.version: ChromeDriver
remote stacktrace: Backtrace:
	Ordinal0 [0x005B78B3+2193587]
	Ordinal0 [0x00550681+1771137]
	Ordinal0 [0x004641A8+803240]
	Ordinal0 [0x004829A1+928161]
	Ordinal0 [0x0047EBC1+912321]
	Ordinal0 [0x004B23B0+1123248]
	Ordinal0 [0x004B200A+1122314]
	Ordinal0 [0x004AD5C6+1103302]
	Ordinal0 [0x004877E0+948192]
	Ordinal0 [0x004886E6+952038]
	GetHandleVerifier [0x00860CB2+2738370]
	GetHandleVerifier [0x008521B8+2678216]
	GetHandleVerifier [0x006417AA+512954]
	GetHandleVerifier [0x00640856+509030]
	Ordinal0 [0x0055743B+1799227]
	Ordinal0 [0x0055BB68+1817448]
	Ordinal0 [0x0055BC55+1817685]
	Ordinal0 [0x00565230+1856048]
	BaseThreadInitThunk [0x754000C9+25]
	RtlGetAppContainerNamedObjectPath [0x77587B1E+286]
	RtlGetAppContainerNamedObjectPath [0x77587AEE+238]

	at org.openqa.selenium.remote.W3CHandshakeResponse.lambda$errorHandler$0(W3CHandshakeResponse.java:62)
	at org.openqa.selenium.remote.HandshakeResponse.lambda$getResponseFunction$0(HandshakeResponse.java:30)
	at org.openqa.selenium.remote.ProtocolHandshake.lambda$createSession$0(ProtocolHandshake.java:126)
	at java.base/java.util.stream.ReferencePipeline$3$1.accept(ReferencePipeline.java:195)
	at java.base/java.util.Spliterators$ArraySpliterator.tryAdvance(Spliterators.java:958)
	at java.base/java.util.stream.ReferencePipeline.forEachWithCancel(ReferencePipeline.java:127)
	at java.base/java.util.stream.AbstractPipeline.copyIntoWithCancel(AbstractPipeline.java:502)
	at java.base/java.util.stream.AbstractPipeline.copyInto(AbstractPipeline.java:488)
	at java.base/java.util.stream.AbstractPipeline.wrapAndCopyInto(AbstractPipeline.java:474)
	at java.base/java.util.stream.FindOps$FindOp.evaluateSequential(FindOps.java:150)
	at java.base/java.util.stream.AbstractPipeline.evaluate(AbstractPipeline.java:234)
	at java.base/java.util.stream.ReferencePipeline.findFirst(ReferencePipeline.java:543)
	at org.openqa.selenium.remote.ProtocolHandshake.createSession(ProtocolHandshake.java:128)
	at org.openqa.selenium.remote.ProtocolHandshake.createSession(ProtocolHandshake.java:74)
	at org.openqa.selenium.remote.HttpCommandExecutor.execute(HttpCommandExecutor.java:136)
	at org.openqa.selenium.remote.service.DriverCommandExecutor.execute(DriverCommandExecutor.java:83)
	at org.openqa.selenium.remote.RemoteWebDriver.execute(RemoteWebDriver.java:552)
	at org.openqa.selenium.remote.RemoteWebDriver.startSession(RemoteWebDriver.java:213)
	at org.openqa.selenium.remote.RemoteWebDriver.&lt;init&gt;(RemoteWebDriver.java:131)
	at org.openqa.selenium.chrome.ChromeDriver.&lt;init&gt;(ChromeDriver.java:181)
	at org.openqa.selenium.chrome.ChromeDriver.&lt;init&gt;(ChromeDriver.java:168)
	at org.openqa.selenium.chrome.ChromeDriver.&lt;init&gt;(ChromeDriver.java:157)
	at commons.BaseTest.getBrowserDriver(BaseTest.java:42)
	at com.nopcommere.user.Level_04_Multi_Browsers.beforeClass(Level_04_Multi_Browsers.java:39)
... Removed 30 stack frames</div></td></tr></table><p class="totop"><a href="#summary">back to summary</a></p>
<h3 id="m7">com.nopcommere.user.Level_04_Multi_Browsers#afterClass</h3><table class="result"><tr><th class="invisible"/></tr></table><p class="totop"><a href="#summary">back to summary</a></p>
<h3 id="m8">com.nopcommere.user.Level_04_Multi_Browsers#Login_01_Empty_Data</h3><table class="result"><tr><th>Exception</th></tr><tr><td><div class="stacktrace">org.openqa.selenium.WebDriverException: unknown error: Chrome failed to start: was killed.
  (unknown error: DevToolsActivePort file doesn&apos;t exist)
  (The process started from chrome location C:\Program Files\Google\Chrome\Application\chrome.exe is no longer running, so ChromeDriver is assuming that Chrome has crashed.)
Build info: version: &apos;3.141.59&apos;, revision: &apos;e82be7d358&apos;, time: &apos;2018-11-14T08:25:53&apos;
System info: host: &apos;LAPTOP-DUVPB633&apos;, ip: &apos;192.168.1.13&apos;, os.name: &apos;Windows 10&apos;, os.arch: &apos;amd64&apos;, os.version: &apos;10.0&apos;, java.version: &apos;11.0.17&apos;
Driver info: driver.version: ChromeDriver
remote stacktrace: Backtrace:
	Ordinal0 [0x005B78B3+2193587]
	Ordinal0 [0x00550681+1771137]
	Ordinal0 [0x004641A8+803240]
	Ordinal0 [0x004829A1+928161]
	Ordinal0 [0x0047EBC1+912321]
	Ordinal0 [0x004B23B0+1123248]
	Ordinal0 [0x004B200A+1122314]
	Ordinal0 [0x004AD5C6+1103302]
	Ordinal0 [0x004877E0+948192]
	Ordinal0 [0x004886E6+952038]
	GetHandleVerifier [0x00860CB2+2738370]
	GetHandleVerifier [0x008521B8+2678216]
	GetHandleVerifier [0x006417AA+512954]
	GetHandleVerifier [0x00640856+509030]
	Ordinal0 [0x0055743B+1799227]
	Ordinal0 [0x0055BB68+1817448]
	Ordinal0 [0x0055BC55+1817685]
	Ordinal0 [0x00565230+1856048]
	BaseThreadInitThunk [0x754000C9+25]
	RtlGetAppContainerNamedObjectPath [0x77587B1E+286]
	RtlGetAppContainerNamedObjectPath [0x77587AEE+238]

	at org.openqa.selenium.remote.W3CHandshakeResponse.lambda$errorHandler$0(W3CHandshakeResponse.java:62)
	at org.openqa.selenium.remote.HandshakeResponse.lambda$getResponseFunction$0(HandshakeResponse.java:30)
	at org.openqa.selenium.remote.ProtocolHandshake.lambda$createSession$0(ProtocolHandshake.java:126)
	at java.base/java.util.stream.ReferencePipeline$3$1.accept(ReferencePipeline.java:195)
	at java.base/java.util.Spliterators$ArraySpliterator.tryAdvance(Spliterators.java:958)
	at java.base/java.util.stream.ReferencePipeline.forEachWithCancel(ReferencePipeline.java:127)
	at java.base/java.util.stream.AbstractPipeline.copyIntoWithCancel(AbstractPipeline.java:502)
	at java.base/java.util.stream.AbstractPipeline.copyInto(AbstractPipeline.java:488)
	at java.base/java.util.stream.AbstractPipeline.wrapAndCopyInto(AbstractPipeline.java:474)
	at java.base/java.util.stream.FindOps$FindOp.evaluateSequential(FindOps.java:150)
	at java.base/java.util.stream.AbstractPipeline.evaluate(AbstractPipeline.java:234)
	at java.base/java.util.stream.ReferencePipeline.findFirst(ReferencePipeline.java:543)
	at org.openqa.selenium.remote.ProtocolHandshake.createSession(ProtocolHandshake.java:128)
	at org.openqa.selenium.remote.ProtocolHandshake.createSession(ProtocolHandshake.java:74)
	at org.openqa.selenium.remote.HttpCommandExecutor.execute(HttpCommandExecutor.java:136)
	at org.openqa.selenium.remote.service.DriverCommandExecutor.execute(DriverCommandExecutor.java:83)
	at org.openqa.selenium.remote.RemoteWebDriver.execute(RemoteWebDriver.java:552)
	at org.openqa.selenium.remote.RemoteWebDriver.startSession(RemoteWebDriver.java:213)
	at org.openqa.selenium.remote.RemoteWebDriver.&lt;init&gt;(RemoteWebDriver.java:131)
	at org.openqa.selenium.chrome.ChromeDriver.&lt;init&gt;(ChromeDriver.java:181)
	at org.openqa.selenium.chrome.ChromeDriver.&lt;init&gt;(ChromeDriver.java:168)
	at org.openqa.selenium.chrome.ChromeDriver.&lt;init&gt;(ChromeDriver.java:157)
	at commons.BaseTest.getBrowserDriver(BaseTest.java:42)
	at com.nopcommere.user.Level_04_Multi_Browsers.beforeClass(Level_04_Multi_Browsers.java:39)
... Removed 30 stack frames</div></td></tr></table><p class="totop"><a href="#summary">back to summary</a></p>
<h3 id="m9">com.nopcommere.user.Level_04_Multi_Browsers#Login_02_Invalid_Email</h3><table class="result"><tr><th>Exception</th></tr><tr><td><div class="stacktrace">org.openqa.selenium.WebDriverException: unknown error: Chrome failed to start: was killed.
  (unknown error: DevToolsActivePort file doesn&apos;t exist)
  (The process started from chrome location C:\Program Files\Google\Chrome\Application\chrome.exe is no longer running, so ChromeDriver is assuming that Chrome has crashed.)
Build info: version: &apos;3.141.59&apos;, revision: &apos;e82be7d358&apos;, time: &apos;2018-11-14T08:25:53&apos;
System info: host: &apos;LAPTOP-DUVPB633&apos;, ip: &apos;192.168.1.13&apos;, os.name: &apos;Windows 10&apos;, os.arch: &apos;amd64&apos;, os.version: &apos;10.0&apos;, java.version: &apos;11.0.17&apos;
Driver info: driver.version: ChromeDriver
remote stacktrace: Backtrace:
	Ordinal0 [0x005B78B3+2193587]
	Ordinal0 [0x00550681+1771137]
	Ordinal0 [0x004641A8+803240]
	Ordinal0 [0x004829A1+928161]
	Ordinal0 [0x0047EBC1+912321]
	Ordinal0 [0x004B23B0+1123248]
	Ordinal0 [0x004B200A+1122314]
	Ordinal0 [0x004AD5C6+1103302]
	Ordinal0 [0x004877E0+948192]
	Ordinal0 [0x004886E6+952038]
	GetHandleVerifier [0x00860CB2+2738370]
	GetHandleVerifier [0x008521B8+2678216]
	GetHandleVerifier [0x006417AA+512954]
	GetHandleVerifier [0x00640856+509030]
	Ordinal0 [0x0055743B+1799227]
	Ordinal0 [0x0055BB68+1817448]
	Ordinal0 [0x0055BC55+1817685]
	Ordinal0 [0x00565230+1856048]
	BaseThreadInitThunk [0x754000C9+25]
	RtlGetAppContainerNamedObjectPath [0x77587B1E+286]
	RtlGetAppContainerNamedObjectPath [0x77587AEE+238]

	at org.openqa.selenium.remote.W3CHandshakeResponse.lambda$errorHandler$0(W3CHandshakeResponse.java:62)
	at org.openqa.selenium.remote.HandshakeResponse.lambda$getResponseFunction$0(HandshakeResponse.java:30)
	at org.openqa.selenium.remote.ProtocolHandshake.lambda$createSession$0(ProtocolHandshake.java:126)
	at java.base/java.util.stream.ReferencePipeline$3$1.accept(ReferencePipeline.java:195)
	at java.base/java.util.Spliterators$ArraySpliterator.tryAdvance(Spliterators.java:958)
	at java.base/java.util.stream.ReferencePipeline.forEachWithCancel(ReferencePipeline.java:127)
	at java.base/java.util.stream.AbstractPipeline.copyIntoWithCancel(AbstractPipeline.java:502)
	at java.base/java.util.stream.AbstractPipeline.copyInto(AbstractPipeline.java:488)
	at java.base/java.util.stream.AbstractPipeline.wrapAndCopyInto(AbstractPipeline.java:474)
	at java.base/java.util.stream.FindOps$FindOp.evaluateSequential(FindOps.java:150)
	at java.base/java.util.stream.AbstractPipeline.evaluate(AbstractPipeline.java:234)
	at java.base/java.util.stream.ReferencePipeline.findFirst(ReferencePipeline.java:543)
	at org.openqa.selenium.remote.ProtocolHandshake.createSession(ProtocolHandshake.java:128)
	at org.openqa.selenium.remote.ProtocolHandshake.createSession(ProtocolHandshake.java:74)
	at org.openqa.selenium.remote.HttpCommandExecutor.execute(HttpCommandExecutor.java:136)
	at org.openqa.selenium.remote.service.DriverCommandExecutor.execute(DriverCommandExecutor.java:83)
	at org.openqa.selenium.remote.RemoteWebDriver.execute(RemoteWebDriver.java:552)
	at org.openqa.selenium.remote.RemoteWebDriver.startSession(RemoteWebDriver.java:213)
	at org.openqa.selenium.remote.RemoteWebDriver.&lt;init&gt;(RemoteWebDriver.java:131)
	at org.openqa.selenium.chrome.ChromeDriver.&lt;init&gt;(ChromeDriver.java:181)
	at org.openqa.selenium.chrome.ChromeDriver.&lt;init&gt;(ChromeDriver.java:168)
	at org.openqa.selenium.chrome.ChromeDriver.&lt;init&gt;(ChromeDriver.java:157)
	at commons.BaseTest.getBrowserDriver(BaseTest.java:42)
	at com.nopcommere.user.Level_04_Multi_Browsers.beforeClass(Level_04_Multi_Browsers.java:39)
... Removed 30 stack frames</div></td></tr></table><p class="totop"><a href="#summary">back to summary</a></p>
<h3 id="m10">com.nopcommere.user.Level_04_Multi_Browsers#Login_03_Email_Not_Found</h3><table class="result"><tr><th>Exception</th></tr><tr><td><div class="stacktrace">org.openqa.selenium.WebDriverException: unknown error: Chrome failed to start: was killed.
  (unknown error: DevToolsActivePort file doesn&apos;t exist)
  (The process started from chrome location C:\Program Files\Google\Chrome\Application\chrome.exe is no longer running, so ChromeDriver is assuming that Chrome has crashed.)
Build info: version: &apos;3.141.59&apos;, revision: &apos;e82be7d358&apos;, time: &apos;2018-11-14T08:25:53&apos;
System info: host: &apos;LAPTOP-DUVPB633&apos;, ip: &apos;192.168.1.13&apos;, os.name: &apos;Windows 10&apos;, os.arch: &apos;amd64&apos;, os.version: &apos;10.0&apos;, java.version: &apos;11.0.17&apos;
Driver info: driver.version: ChromeDriver
remote stacktrace: Backtrace:
	Ordinal0 [0x005B78B3+2193587]
	Ordinal0 [0x00550681+1771137]
	Ordinal0 [0x004641A8+803240]
	Ordinal0 [0x004829A1+928161]
	Ordinal0 [0x0047EBC1+912321]
	Ordinal0 [0x004B23B0+1123248]
	Ordinal0 [0x004B200A+1122314]
	Ordinal0 [0x004AD5C6+1103302]
	Ordinal0 [0x004877E0+948192]
	Ordinal0 [0x004886E6+952038]
	GetHandleVerifier [0x00860CB2+2738370]
	GetHandleVerifier [0x008521B8+2678216]
	GetHandleVerifier [0x006417AA+512954]
	GetHandleVerifier [0x00640856+509030]
	Ordinal0 [0x0055743B+1799227]
	Ordinal0 [0x0055BB68+1817448]
	Ordinal0 [0x0055BC55+1817685]
	Ordinal0 [0x00565230+1856048]
	BaseThreadInitThunk [0x754000C9+25]
	RtlGetAppContainerNamedObjectPath [0x77587B1E+286]
	RtlGetAppContainerNamedObjectPath [0x77587AEE+238]

	at org.openqa.selenium.remote.W3CHandshakeResponse.lambda$errorHandler$0(W3CHandshakeResponse.java:62)
	at org.openqa.selenium.remote.HandshakeResponse.lambda$getResponseFunction$0(HandshakeResponse.java:30)
	at org.openqa.selenium.remote.ProtocolHandshake.lambda$createSession$0(ProtocolHandshake.java:126)
	at java.base/java.util.stream.ReferencePipeline$3$1.accept(ReferencePipeline.java:195)
	at java.base/java.util.Spliterators$ArraySpliterator.tryAdvance(Spliterators.java:958)
	at java.base/java.util.stream.ReferencePipeline.forEachWithCancel(ReferencePipeline.java:127)
	at java.base/java.util.stream.AbstractPipeline.copyIntoWithCancel(AbstractPipeline.java:502)
	at java.base/java.util.stream.AbstractPipeline.copyInto(AbstractPipeline.java:488)
	at java.base/java.util.stream.AbstractPipeline.wrapAndCopyInto(AbstractPipeline.java:474)
	at java.base/java.util.stream.FindOps$FindOp.evaluateSequential(FindOps.java:150)
	at java.base/java.util.stream.AbstractPipeline.evaluate(AbstractPipeline.java:234)
	at java.base/java.util.stream.ReferencePipeline.findFirst(ReferencePipeline.java:543)
	at org.openqa.selenium.remote.ProtocolHandshake.createSession(ProtocolHandshake.java:128)
	at org.openqa.selenium.remote.ProtocolHandshake.createSession(ProtocolHandshake.java:74)
	at org.openqa.selenium.remote.HttpCommandExecutor.execute(HttpCommandExecutor.java:136)
	at org.openqa.selenium.remote.service.DriverCommandExecutor.execute(DriverCommandExecutor.java:83)
	at org.openqa.selenium.remote.RemoteWebDriver.execute(RemoteWebDriver.java:552)
	at org.openqa.selenium.remote.RemoteWebDriver.startSession(RemoteWebDriver.java:213)
	at org.openqa.selenium.remote.RemoteWebDriver.&lt;init&gt;(RemoteWebDriver.java:131)
	at org.openqa.selenium.chrome.ChromeDriver.&lt;init&gt;(ChromeDriver.java:181)
	at org.openqa.selenium.chrome.ChromeDriver.&lt;init&gt;(ChromeDriver.java:168)
	at org.openqa.selenium.chrome.ChromeDriver.&lt;init&gt;(ChromeDriver.java:157)
	at commons.BaseTest.getBrowserDriver(BaseTest.java:42)
	at com.nopcommere.user.Level_04_Multi_Browsers.beforeClass(Level_04_Multi_Browsers.java:39)
... Removed 30 stack frames</div></td></tr></table><p class="totop"><a href="#summary">back to summary</a></p>
<h3 id="m11">com.nopcommere.user.Level_04_Multi_Browsers#Login_04_Existing_Email_Empty_Password</h3><table class="result"><tr><th>Exception</th></tr><tr><td><div class="stacktrace">org.openqa.selenium.WebDriverException: unknown error: Chrome failed to start: was killed.
  (unknown error: DevToolsActivePort file doesn&apos;t exist)
  (The process started from chrome location C:\Program Files\Google\Chrome\Application\chrome.exe is no longer running, so ChromeDriver is assuming that Chrome has crashed.)
Build info: version: &apos;3.141.59&apos;, revision: &apos;e82be7d358&apos;, time: &apos;2018-11-14T08:25:53&apos;
System info: host: &apos;LAPTOP-DUVPB633&apos;, ip: &apos;192.168.1.13&apos;, os.name: &apos;Windows 10&apos;, os.arch: &apos;amd64&apos;, os.version: &apos;10.0&apos;, java.version: &apos;11.0.17&apos;
Driver info: driver.version: ChromeDriver
remote stacktrace: Backtrace:
	Ordinal0 [0x005B78B3+2193587]
	Ordinal0 [0x00550681+1771137]
	Ordinal0 [0x004641A8+803240]
	Ordinal0 [0x004829A1+928161]
	Ordinal0 [0x0047EBC1+912321]
	Ordinal0 [0x004B23B0+1123248]
	Ordinal0 [0x004B200A+1122314]
	Ordinal0 [0x004AD5C6+1103302]
	Ordinal0 [0x004877E0+948192]
	Ordinal0 [0x004886E6+952038]
	GetHandleVerifier [0x00860CB2+2738370]
	GetHandleVerifier [0x008521B8+2678216]
	GetHandleVerifier [0x006417AA+512954]
	GetHandleVerifier [0x00640856+509030]
	Ordinal0 [0x0055743B+1799227]
	Ordinal0 [0x0055BB68+1817448]
	Ordinal0 [0x0055BC55+1817685]
	Ordinal0 [0x00565230+1856048]
	BaseThreadInitThunk [0x754000C9+25]
	RtlGetAppContainerNamedObjectPath [0x77587B1E+286]
	RtlGetAppContainerNamedObjectPath [0x77587AEE+238]

	at org.openqa.selenium.remote.W3CHandshakeResponse.lambda$errorHandler$0(W3CHandshakeResponse.java:62)
	at org.openqa.selenium.remote.HandshakeResponse.lambda$getResponseFunction$0(HandshakeResponse.java:30)
	at org.openqa.selenium.remote.ProtocolHandshake.lambda$createSession$0(ProtocolHandshake.java:126)
	at java.base/java.util.stream.ReferencePipeline$3$1.accept(ReferencePipeline.java:195)
	at java.base/java.util.Spliterators$ArraySpliterator.tryAdvance(Spliterators.java:958)
	at java.base/java.util.stream.ReferencePipeline.forEachWithCancel(ReferencePipeline.java:127)
	at java.base/java.util.stream.AbstractPipeline.copyIntoWithCancel(AbstractPipeline.java:502)
	at java.base/java.util.stream.AbstractPipeline.copyInto(AbstractPipeline.java:488)
	at java.base/java.util.stream.AbstractPipeline.wrapAndCopyInto(AbstractPipeline.java:474)
	at java.base/java.util.stream.FindOps$FindOp.evaluateSequential(FindOps.java:150)
	at java.base/java.util.stream.AbstractPipeline.evaluate(AbstractPipeline.java:234)
	at java.base/java.util.stream.ReferencePipeline.findFirst(ReferencePipeline.java:543)
	at org.openqa.selenium.remote.ProtocolHandshake.createSession(ProtocolHandshake.java:128)
	at org.openqa.selenium.remote.ProtocolHandshake.createSession(ProtocolHandshake.java:74)
	at org.openqa.selenium.remote.HttpCommandExecutor.execute(HttpCommandExecutor.java:136)
	at org.openqa.selenium.remote.service.DriverCommandExecutor.execute(DriverCommandExecutor.java:83)
	at org.openqa.selenium.remote.RemoteWebDriver.execute(RemoteWebDriver.java:552)
	at org.openqa.selenium.remote.RemoteWebDriver.startSession(RemoteWebDriver.java:213)
	at org.openqa.selenium.remote.RemoteWebDriver.&lt;init&gt;(RemoteWebDriver.java:131)
	at org.openqa.selenium.chrome.ChromeDriver.&lt;init&gt;(ChromeDriver.java:181)
	at org.openqa.selenium.chrome.ChromeDriver.&lt;init&gt;(ChromeDriver.java:168)
	at org.openqa.selenium.chrome.ChromeDriver.&lt;init&gt;(ChromeDriver.java:157)
	at commons.BaseTest.getBrowserDriver(BaseTest.java:42)
	at com.nopcommere.user.Level_04_Multi_Browsers.beforeClass(Level_04_Multi_Browsers.java:39)
... Removed 30 stack frames</div></td></tr></table><p class="totop"><a href="#summary">back to summary</a></p>
<h3 id="m12">com.nopcommere.user.Level_04_Multi_Browsers#Login_05_Existing_Email_Wrong_Password</h3><table class="result"><tr><th>Exception</th></tr><tr><td><div class="stacktrace">org.openqa.selenium.WebDriverException: unknown error: Chrome failed to start: was killed.
  (unknown error: DevToolsActivePort file doesn&apos;t exist)
  (The process started from chrome location C:\Program Files\Google\Chrome\Application\chrome.exe is no longer running, so ChromeDriver is assuming that Chrome has crashed.)
Build info: version: &apos;3.141.59&apos;, revision: &apos;e82be7d358&apos;, time: &apos;2018-11-14T08:25:53&apos;
System info: host: &apos;LAPTOP-DUVPB633&apos;, ip: &apos;192.168.1.13&apos;, os.name: &apos;Windows 10&apos;, os.arch: &apos;amd64&apos;, os.version: &apos;10.0&apos;, java.version: &apos;11.0.17&apos;
Driver info: driver.version: ChromeDriver
remote stacktrace: Backtrace:
	Ordinal0 [0x005B78B3+2193587]
	Ordinal0 [0x00550681+1771137]
	Ordinal0 [0x004641A8+803240]
	Ordinal0 [0x004829A1+928161]
	Ordinal0 [0x0047EBC1+912321]
	Ordinal0 [0x004B23B0+1123248]
	Ordinal0 [0x004B200A+1122314]
	Ordinal0 [0x004AD5C6+1103302]
	Ordinal0 [0x004877E0+948192]
	Ordinal0 [0x004886E6+952038]
	GetHandleVerifier [0x00860CB2+2738370]
	GetHandleVerifier [0x008521B8+2678216]
	GetHandleVerifier [0x006417AA+512954]
	GetHandleVerifier [0x00640856+509030]
	Ordinal0 [0x0055743B+1799227]
	Ordinal0 [0x0055BB68+1817448]
	Ordinal0 [0x0055BC55+1817685]
	Ordinal0 [0x00565230+1856048]
	BaseThreadInitThunk [0x754000C9+25]
	RtlGetAppContainerNamedObjectPath [0x77587B1E+286]
	RtlGetAppContainerNamedObjectPath [0x77587AEE+238]

	at org.openqa.selenium.remote.W3CHandshakeResponse.lambda$errorHandler$0(W3CHandshakeResponse.java:62)
	at org.openqa.selenium.remote.HandshakeResponse.lambda$getResponseFunction$0(HandshakeResponse.java:30)
	at org.openqa.selenium.remote.ProtocolHandshake.lambda$createSession$0(ProtocolHandshake.java:126)
	at java.base/java.util.stream.ReferencePipeline$3$1.accept(ReferencePipeline.java:195)
	at java.base/java.util.Spliterators$ArraySpliterator.tryAdvance(Spliterators.java:958)
	at java.base/java.util.stream.ReferencePipeline.forEachWithCancel(ReferencePipeline.java:127)
	at java.base/java.util.stream.AbstractPipeline.copyIntoWithCancel(AbstractPipeline.java:502)
	at java.base/java.util.stream.AbstractPipeline.copyInto(AbstractPipeline.java:488)
	at java.base/java.util.stream.AbstractPipeline.wrapAndCopyInto(AbstractPipeline.java:474)
	at java.base/java.util.stream.FindOps$FindOp.evaluateSequential(FindOps.java:150)
	at java.base/java.util.stream.AbstractPipeline.evaluate(AbstractPipeline.java:234)
	at java.base/java.util.stream.ReferencePipeline.findFirst(ReferencePipeline.java:543)
	at org.openqa.selenium.remote.ProtocolHandshake.createSession(ProtocolHandshake.java:128)
	at org.openqa.selenium.remote.ProtocolHandshake.createSession(ProtocolHandshake.java:74)
	at org.openqa.selenium.remote.HttpCommandExecutor.execute(HttpCommandExecutor.java:136)
	at org.openqa.selenium.remote.service.DriverCommandExecutor.execute(DriverCommandExecutor.java:83)
	at org.openqa.selenium.remote.RemoteWebDriver.execute(RemoteWebDriver.java:552)
	at org.openqa.selenium.remote.RemoteWebDriver.startSession(RemoteWebDriver.java:213)
	at org.openqa.selenium.remote.RemoteWebDriver.&lt;init&gt;(RemoteWebDriver.java:131)
	at org.openqa.selenium.chrome.ChromeDriver.&lt;init&gt;(ChromeDriver.java:181)
	at org.openqa.selenium.chrome.ChromeDriver.&lt;init&gt;(ChromeDriver.java:168)
	at org.openqa.selenium.chrome.ChromeDriver.&lt;init&gt;(ChromeDriver.java:157)
	at commons.BaseTest.getBrowserDriver(BaseTest.java:42)
	at com.nopcommere.user.Level_04_Multi_Browsers.beforeClass(Level_04_Multi_Browsers.java:39)
... Removed 30 stack frames</div></td></tr></table><p class="totop"><a href="#summary">back to summary</a></p>
<h3 id="m13">com.nopcommere.user.Level_04_Multi_Browsers#Login_06_Existing_Email_Correct_Password</h3><table class="result"><tr><th>Exception</th></tr><tr><td><div class="stacktrace">org.openqa.selenium.WebDriverException: unknown error: Chrome failed to start: was killed.
  (unknown error: DevToolsActivePort file doesn&apos;t exist)
  (The process started from chrome location C:\Program Files\Google\Chrome\Application\chrome.exe is no longer running, so ChromeDriver is assuming that Chrome has crashed.)
Build info: version: &apos;3.141.59&apos;, revision: &apos;e82be7d358&apos;, time: &apos;2018-11-14T08:25:53&apos;
System info: host: &apos;LAPTOP-DUVPB633&apos;, ip: &apos;192.168.1.13&apos;, os.name: &apos;Windows 10&apos;, os.arch: &apos;amd64&apos;, os.version: &apos;10.0&apos;, java.version: &apos;11.0.17&apos;
Driver info: driver.version: ChromeDriver
remote stacktrace: Backtrace:
	Ordinal0 [0x005B78B3+2193587]
	Ordinal0 [0x00550681+1771137]
	Ordinal0 [0x004641A8+803240]
	Ordinal0 [0x004829A1+928161]
	Ordinal0 [0x0047EBC1+912321]
	Ordinal0 [0x004B23B0+1123248]
	Ordinal0 [0x004B200A+1122314]
	Ordinal0 [0x004AD5C6+1103302]
	Ordinal0 [0x004877E0+948192]
	Ordinal0 [0x004886E6+952038]
	GetHandleVerifier [0x00860CB2+2738370]
	GetHandleVerifier [0x008521B8+2678216]
	GetHandleVerifier [0x006417AA+512954]
	GetHandleVerifier [0x00640856+509030]
	Ordinal0 [0x0055743B+1799227]
	Ordinal0 [0x0055BB68+1817448]
	Ordinal0 [0x0055BC55+1817685]
	Ordinal0 [0x00565230+1856048]
	BaseThreadInitThunk [0x754000C9+25]
	RtlGetAppContainerNamedObjectPath [0x77587B1E+286]
	RtlGetAppContainerNamedObjectPath [0x77587AEE+238]

	at org.openqa.selenium.remote.W3CHandshakeResponse.lambda$errorHandler$0(W3CHandshakeResponse.java:62)
	at org.openqa.selenium.remote.HandshakeResponse.lambda$getResponseFunction$0(HandshakeResponse.java:30)
	at org.openqa.selenium.remote.ProtocolHandshake.lambda$createSession$0(ProtocolHandshake.java:126)
	at java.base/java.util.stream.ReferencePipeline$3$1.accept(ReferencePipeline.java:195)
	at java.base/java.util.Spliterators$ArraySpliterator.tryAdvance(Spliterators.java:958)
	at java.base/java.util.stream.ReferencePipeline.forEachWithCancel(ReferencePipeline.java:127)
	at java.base/java.util.stream.AbstractPipeline.copyIntoWithCancel(AbstractPipeline.java:502)
	at java.base/java.util.stream.AbstractPipeline.copyInto(AbstractPipeline.java:488)
	at java.base/java.util.stream.AbstractPipeline.wrapAndCopyInto(AbstractPipeline.java:474)
	at java.base/java.util.stream.FindOps$FindOp.evaluateSequential(FindOps.java:150)
	at java.base/java.util.stream.AbstractPipeline.evaluate(AbstractPipeline.java:234)
	at java.base/java.util.stream.ReferencePipeline.findFirst(ReferencePipeline.java:543)
	at org.openqa.selenium.remote.ProtocolHandshake.createSession(ProtocolHandshake.java:128)
	at org.openqa.selenium.remote.ProtocolHandshake.createSession(ProtocolHandshake.java:74)
	at org.openqa.selenium.remote.HttpCommandExecutor.execute(HttpCommandExecutor.java:136)
	at org.openqa.selenium.remote.service.DriverCommandExecutor.execute(DriverCommandExecutor.java:83)
	at org.openqa.selenium.remote.RemoteWebDriver.execute(RemoteWebDriver.java:552)
	at org.openqa.selenium.remote.RemoteWebDriver.startSession(RemoteWebDriver.java:213)
	at org.openqa.selenium.remote.RemoteWebDriver.&lt;init&gt;(RemoteWebDriver.java:131)
	at org.openqa.selenium.chrome.ChromeDriver.&lt;init&gt;(ChromeDriver.java:181)
	at org.openqa.selenium.chrome.ChromeDriver.&lt;init&gt;(ChromeDriver.java:168)
	at org.openqa.selenium.chrome.ChromeDriver.&lt;init&gt;(ChromeDriver.java:157)
	at commons.BaseTest.getBrowserDriver(BaseTest.java:42)
	at com.nopcommere.user.Level_04_Multi_Browsers.beforeClass(Level_04_Multi_Browsers.java:39)
... Removed 30 stack frames</div></td></tr></table><p class="totop"><a href="#summary">back to summary</a></p>
</body>
</html>
