<!DOCTYPE html>

<html>
  <head>
  <meta charset='utf-8'>
  <title>TestNG reports</title>

    <link type="text/css" href="testng-reports.css" rel="stylesheet" />
    <script type="text/javascript" src="jquery-1.7.1.min.js"></script>
    <script type="text/javascript" src="testng-reports.js"></script>
    <script type="text/javascript" src="https://www.google.com/jsapi"></script>
    <script type='text/javascript'>
      google.load('visualization', '1', {packages:['table']});
      google.setOnLoadCallback(drawTable);
      var suiteTableInitFunctions = new Array();
      var suiteTableData = new Array();
    </script>
    <!--
      <script type="text/javascript" src="jquery-ui/js/jquery-ui-1.8.16.custom.min.js"></script>
     -->
  </head>

  <body>
    <div class="top-banner-root">
      <span class="top-banner-title-font">Test results</span>
      <br/>
      <span class="top-banner-font-1">1 suite</span>
    </div> <!-- top-banner-root -->
    <div class="navigator-root">
      <div class="navigator-suite-header">
        <span>All suites</span>
        <a href="#" title="Collapse/expand all the suites" class="collapse-all-link">
          <img src="collapseall.gif" class="collapse-all-icon">
          </img> <!-- collapse-all-icon -->
        </a> <!-- collapse-all-link -->
      </div> <!-- navigator-suite-header -->
      <div class="suite">
        <div class="rounded-window">
          <div class="suite-header light-rounded-window-top">
            <a href="#" panel-name="suite-Suite" class="navigator-link">
              <span class="suite-name border-skipped">Suite</span>
            </a> <!-- navigator-link -->
          </div> <!-- suite-header light-rounded-window-top -->
          <div class="navigator-suite-content">
            <div class="suite-section-title">
              <span>Info</span>
            </div> <!-- suite-section-title -->
            <div class="suite-section-content">
              <ul>
                <li>
                  <a href="#" panel-name="test-xml-Suite" class="navigator-link ">
                    <span>C:\Users\ADMIN\git\hybrid_framework_nopcommere\hybrid_framework_nopcommere\resources\runNopcommereTest.xml</span>
                  </a> <!-- navigator-link  -->
                </li>
                <li>
                  <a href="#" panel-name="testlist-Suite" class="navigator-link ">
                    <span class="test-stats">2 tests</span>
                  </a> <!-- navigator-link  -->
                </li>
                <li>
                  <a href="#" panel-name="group-Suite" class="navigator-link ">
                    <span>0 groups</span>
                  </a> <!-- navigator-link  -->
                </li>
                <li>
                  <a href="#" panel-name="times-Suite" class="navigator-link ">
                    <span>Times</span>
                  </a> <!-- navigator-link  -->
                </li>
                <li>
                  <a href="#" panel-name="reporter-Suite" class="navigator-link ">
                    <span>Reporter output</span>
                  </a> <!-- navigator-link  -->
                </li>
                <li>
                  <a href="#" panel-name="ignored-methods-Suite" class="navigator-link ">
                    <span>Ignored methods</span>
                  </a> <!-- navigator-link  -->
                </li>
                <li>
                  <a href="#" panel-name="chronological-Suite" class="navigator-link ">
                    <span>Chronological view</span>
                  </a> <!-- navigator-link  -->
                </li>
              </ul>
            </div> <!-- suite-section-content -->
            <div class="result-section">
              <div class="suite-section-title">
                <span>Results</span>
              </div> <!-- suite-section-title -->
              <div class="suite-section-content">
                <ul>
                  <li>
                    <span class="method-stats">12 methods,  6 skipped,  6 passed</span>
                  </li>
                  <li>
                    <span class="method-list-title skipped">Skipped methods</span>
                    <span class="show-or-hide-methods skipped">
                      <a href="#" panel-name="suite-Suite" class="hide-methods skipped suite-Suite"> (hide)</a> <!-- hide-methods skipped suite-Suite -->
                      <a href="#" panel-name="suite-Suite" class="show-methods skipped suite-Suite"> (show)</a> <!-- show-methods skipped suite-Suite -->
                    </span>
                    <div class="method-list-content skipped suite-Suite">
                      <span>
                        <img src="skipped.png" width="3%"/>
                        <a href="#" panel-name="suite-Suite" title="com.nopcommere.user.Level_04_Multi_Browsers" class="method navigator-link" hash-for-method="Login_01_Empty_Data">Login_01_Empty_Data</a> <!-- method navigator-link -->
                      </span>
                      <br/>
                      <span>
                        <img src="skipped.png" width="3%"/>
                        <a href="#" panel-name="suite-Suite" title="com.nopcommere.user.Level_04_Multi_Browsers" class="method navigator-link" hash-for-method="Login_02_Invalid_Email">Login_02_Invalid_Email</a> <!-- method navigator-link -->
                      </span>
                      <br/>
                      <span>
                        <img src="skipped.png" width="3%"/>
                        <a href="#" panel-name="suite-Suite" title="com.nopcommere.user.Level_04_Multi_Browsers" class="method navigator-link" hash-for-method="Login_03_Email_Not_Found">Login_03_Email_Not_Found</a> <!-- method navigator-link -->
                      </span>
                      <br/>
                      <span>
                        <img src="skipped.png" width="3%"/>
                        <a href="#" panel-name="suite-Suite" title="com.nopcommere.user.Level_04_Multi_Browsers" class="method navigator-link" hash-for-method="Login_04_Existing_Email_Empty_Password">Login_04_Existing_Email_Empty_Password</a> <!-- method navigator-link -->
                      </span>
                      <br/>
                      <span>
                        <img src="skipped.png" width="3%"/>
                        <a href="#" panel-name="suite-Suite" title="com.nopcommere.user.Level_04_Multi_Browsers" class="method navigator-link" hash-for-method="Login_05_Existing_Email_Wrong_Password">Login_05_Existing_Email_Wrong_Password</a> <!-- method navigator-link -->
                      </span>
                      <br/>
                      <span>
                        <img src="skipped.png" width="3%"/>
                        <a href="#" panel-name="suite-Suite" title="com.nopcommere.user.Level_04_Multi_Browsers" class="method navigator-link" hash-for-method="Login_06_Existing_Email_Correct_Password">Login_06_Existing_Email_Correct_Password</a> <!-- method navigator-link -->
                      </span>
                      <br/>
                    </div> <!-- method-list-content skipped suite-Suite -->
                  </li>
                  <li>
                    <span class="method-list-title passed">Passed methods</span>
                    <span class="show-or-hide-methods passed">
                      <a href="#" panel-name="suite-Suite" class="hide-methods passed suite-Suite"> (hide)</a> <!-- hide-methods passed suite-Suite -->
                      <a href="#" panel-name="suite-Suite" class="show-methods passed suite-Suite"> (show)</a> <!-- show-methods passed suite-Suite -->
                    </span>
                    <div class="method-list-content passed suite-Suite">
                      <span>
                        <img src="passed.png" width="3%"/>
                        <a href="#" panel-name="suite-Suite" title="com.nopcommere.user.Level_04_Multi_Browsers" class="method navigator-link" hash-for-method="Login_01_Empty_Data">Login_01_Empty_Data</a> <!-- method navigator-link -->
                      </span>
                      <br/>
                      <span>
                        <img src="passed.png" width="3%"/>
                        <a href="#" panel-name="suite-Suite" title="com.nopcommere.user.Level_04_Multi_Browsers" class="method navigator-link" hash-for-method="Login_02_Invalid_Email">Login_02_Invalid_Email</a> <!-- method navigator-link -->
                      </span>
                      <br/>
                      <span>
                        <img src="passed.png" width="3%"/>
                        <a href="#" panel-name="suite-Suite" title="com.nopcommere.user.Level_04_Multi_Browsers" class="method navigator-link" hash-for-method="Login_03_Email_Not_Found">Login_03_Email_Not_Found</a> <!-- method navigator-link -->
                      </span>
                      <br/>
                      <span>
                        <img src="passed.png" width="3%"/>
                        <a href="#" panel-name="suite-Suite" title="com.nopcommere.user.Level_04_Multi_Browsers" class="method navigator-link" hash-for-method="Login_04_Existing_Email_Empty_Password">Login_04_Existing_Email_Empty_Password</a> <!-- method navigator-link -->
                      </span>
                      <br/>
                      <span>
                        <img src="passed.png" width="3%"/>
                        <a href="#" panel-name="suite-Suite" title="com.nopcommere.user.Level_04_Multi_Browsers" class="method navigator-link" hash-for-method="Login_05_Existing_Email_Wrong_Password">Login_05_Existing_Email_Wrong_Password</a> <!-- method navigator-link -->
                      </span>
                      <br/>
                      <span>
                        <img src="passed.png" width="3%"/>
                        <a href="#" panel-name="suite-Suite" title="com.nopcommere.user.Level_04_Multi_Browsers" class="method navigator-link" hash-for-method="Login_06_Existing_Email_Correct_Password">Login_06_Existing_Email_Correct_Password</a> <!-- method navigator-link -->
                      </span>
                      <br/>
                    </div> <!-- method-list-content passed suite-Suite -->
                  </li>
                </ul>
              </div> <!-- suite-section-content -->
            </div> <!-- result-section -->
          </div> <!-- navigator-suite-content -->
        </div> <!-- rounded-window -->
      </div> <!-- suite -->
    </div> <!-- navigator-root -->
    <div class="wrapper">
      <div class="main-panel-root">
        <div panel-name="suite-Suite" class="panel Suite">
          <div class="suite-Suite-class-skipped">
            <div class="main-panel-header rounded-window-top">
              <img src="skipped.png"/>
              <span class="class-name">com.nopcommere.user.Level_04_Multi_Browsers</span>
            </div> <!-- main-panel-header rounded-window-top -->
            <div class="main-panel-content rounded-window-bottom">
              <div class="method">
                <div class="method-content">
                  <a name="Login_01_Empty_Data">
                  </a> <!-- Login_01_Empty_Data -->
                  <span class="method-name">Login_01_Empty_Data</span>
                  <div class="stack-trace">org.openqa.selenium.WebDriverException: unknown error: Chrome failed to start: was killed.
  (unknown error: DevToolsActivePort file doesn&apos;t exist)
  (The process started from chrome location C:\Program Files\Google\Chrome\Application\chrome.exe is no longer running, so ChromeDriver is assuming that Chrome has crashed.)
Build info: version: &apos;3.141.59&apos;, revision: &apos;e82be7d358&apos;, time: &apos;2018-11-14T08:25:53&apos;
System info: host: &apos;LAPTOP-DUVPB633&apos;, ip: &apos;192.168.1.13&apos;, os.name: &apos;Windows 10&apos;, os.arch: &apos;amd64&apos;, os.version: &apos;10.0&apos;, java.version: &apos;11.0.17&apos;
Driver info: driver.version: ChromeDriver
remote stacktrace: Backtrace:
	Ordinal0 [0x005B78B3+2193587]
	Ordinal0 [0x00550681+1771137]
	Ordinal0 [0x004641A8+803240]
	Ordinal0 [0x004829A1+928161]
	Ordinal0 [0x0047EBC1+912321]
	Ordinal0 [0x004B23B0+1123248]
	Ordinal0 [0x004B200A+1122314]
	Ordinal0 [0x004AD5C6+1103302]
	Ordinal0 [0x004877E0+948192]
	Ordinal0 [0x004886E6+952038]
	GetHandleVerifier [0x00860CB2+2738370]
	GetHandleVerifier [0x008521B8+2678216]
	GetHandleVerifier [0x006417AA+512954]
	GetHandleVerifier [0x00640856+509030]
	Ordinal0 [0x0055743B+1799227]
	Ordinal0 [0x0055BB68+1817448]
	Ordinal0 [0x0055BC55+1817685]
	Ordinal0 [0x00565230+1856048]
	BaseThreadInitThunk [0x754000C9+25]
	RtlGetAppContainerNamedObjectPath [0x77587B1E+286]
	RtlGetAppContainerNamedObjectPath [0x77587AEE+238]

	at org.openqa.selenium.remote.W3CHandshakeResponse.lambda$errorHandler$0(W3CHandshakeResponse.java:62)
	at org.openqa.selenium.remote.HandshakeResponse.lambda$getResponseFunction$0(HandshakeResponse.java:30)
	at org.openqa.selenium.remote.ProtocolHandshake.lambda$createSession$0(ProtocolHandshake.java:126)
	at java.base/java.util.stream.ReferencePipeline$3$1.accept(ReferencePipeline.java:195)
	at java.base/java.util.Spliterators$ArraySpliterator.tryAdvance(Spliterators.java:958)
	at java.base/java.util.stream.ReferencePipeline.forEachWithCancel(ReferencePipeline.java:127)
	at java.base/java.util.stream.AbstractPipeline.copyIntoWithCancel(AbstractPipeline.java:502)
	at java.base/java.util.stream.AbstractPipeline.copyInto(AbstractPipeline.java:488)
	at java.base/java.util.stream.AbstractPipeline.wrapAndCopyInto(AbstractPipeline.java:474)
	at java.base/java.util.stream.FindOps$FindOp.evaluateSequential(FindOps.java:150)
	at java.base/java.util.stream.AbstractPipeline.evaluate(AbstractPipeline.java:234)
	at java.base/java.util.stream.ReferencePipeline.findFirst(ReferencePipeline.java:543)
	at org.openqa.selenium.remote.ProtocolHandshake.createSession(ProtocolHandshake.java:128)
	at org.openqa.selenium.remote.ProtocolHandshake.createSession(ProtocolHandshake.java:74)
	at org.openqa.selenium.remote.HttpCommandExecutor.execute(HttpCommandExecutor.java:136)
	at org.openqa.selenium.remote.service.DriverCommandExecutor.execute(DriverCommandExecutor.java:83)
	at org.openqa.selenium.remote.RemoteWebDriver.execute(RemoteWebDriver.java:552)
	at org.openqa.selenium.remote.RemoteWebDriver.startSession(RemoteWebDriver.java:213)
	at org.openqa.selenium.remote.RemoteWebDriver.&lt;init&gt;(RemoteWebDriver.java:131)
	at org.openqa.selenium.chrome.ChromeDriver.&lt;init&gt;(ChromeDriver.java:181)
	at org.openqa.selenium.chrome.ChromeDriver.&lt;init&gt;(ChromeDriver.java:168)
	at org.openqa.selenium.chrome.ChromeDriver.&lt;init&gt;(ChromeDriver.java:157)
	at commons.BaseTest.getBrowserDriver(BaseTest.java:42)
	at com.nopcommere.user.Level_04_Multi_Browsers.beforeClass(Level_04_Multi_Browsers.java:39)
... Removed 30 stack frames
</div> <!-- stack-trace -->
                </div> <!-- method-content -->
              </div> <!-- method -->
              <div class="method">
                <div class="method-content">
                  <a name="Login_02_Invalid_Email">
                  </a> <!-- Login_02_Invalid_Email -->
                  <span class="method-name">Login_02_Invalid_Email</span>
                  <div class="stack-trace">org.openqa.selenium.WebDriverException: unknown error: Chrome failed to start: was killed.
  (unknown error: DevToolsActivePort file doesn&apos;t exist)
  (The process started from chrome location C:\Program Files\Google\Chrome\Application\chrome.exe is no longer running, so ChromeDriver is assuming that Chrome has crashed.)
Build info: version: &apos;3.141.59&apos;, revision: &apos;e82be7d358&apos;, time: &apos;2018-11-14T08:25:53&apos;
System info: host: &apos;LAPTOP-DUVPB633&apos;, ip: &apos;192.168.1.13&apos;, os.name: &apos;Windows 10&apos;, os.arch: &apos;amd64&apos;, os.version: &apos;10.0&apos;, java.version: &apos;11.0.17&apos;
Driver info: driver.version: ChromeDriver
remote stacktrace: Backtrace:
	Ordinal0 [0x005B78B3+2193587]
	Ordinal0 [0x00550681+1771137]
	Ordinal0 [0x004641A8+803240]
	Ordinal0 [0x004829A1+928161]
	Ordinal0 [0x0047EBC1+912321]
	Ordinal0 [0x004B23B0+1123248]
	Ordinal0 [0x004B200A+1122314]
	Ordinal0 [0x004AD5C6+1103302]
	Ordinal0 [0x004877E0+948192]
	Ordinal0 [0x004886E6+952038]
	GetHandleVerifier [0x00860CB2+2738370]
	GetHandleVerifier [0x008521B8+2678216]
	GetHandleVerifier [0x006417AA+512954]
	GetHandleVerifier [0x00640856+509030]
	Ordinal0 [0x0055743B+1799227]
	Ordinal0 [0x0055BB68+1817448]
	Ordinal0 [0x0055BC55+1817685]
	Ordinal0 [0x00565230+1856048]
	BaseThreadInitThunk [0x754000C9+25]
	RtlGetAppContainerNamedObjectPath [0x77587B1E+286]
	RtlGetAppContainerNamedObjectPath [0x77587AEE+238]

	at org.openqa.selenium.remote.W3CHandshakeResponse.lambda$errorHandler$0(W3CHandshakeResponse.java:62)
	at org.openqa.selenium.remote.HandshakeResponse.lambda$getResponseFunction$0(HandshakeResponse.java:30)
	at org.openqa.selenium.remote.ProtocolHandshake.lambda$createSession$0(ProtocolHandshake.java:126)
	at java.base/java.util.stream.ReferencePipeline$3$1.accept(ReferencePipeline.java:195)
	at java.base/java.util.Spliterators$ArraySpliterator.tryAdvance(Spliterators.java:958)
	at java.base/java.util.stream.ReferencePipeline.forEachWithCancel(ReferencePipeline.java:127)
	at java.base/java.util.stream.AbstractPipeline.copyIntoWithCancel(AbstractPipeline.java:502)
	at java.base/java.util.stream.AbstractPipeline.copyInto(AbstractPipeline.java:488)
	at java.base/java.util.stream.AbstractPipeline.wrapAndCopyInto(AbstractPipeline.java:474)
	at java.base/java.util.stream.FindOps$FindOp.evaluateSequential(FindOps.java:150)
	at java.base/java.util.stream.AbstractPipeline.evaluate(AbstractPipeline.java:234)
	at java.base/java.util.stream.ReferencePipeline.findFirst(ReferencePipeline.java:543)
	at org.openqa.selenium.remote.ProtocolHandshake.createSession(ProtocolHandshake.java:128)
	at org.openqa.selenium.remote.ProtocolHandshake.createSession(ProtocolHandshake.java:74)
	at org.openqa.selenium.remote.HttpCommandExecutor.execute(HttpCommandExecutor.java:136)
	at org.openqa.selenium.remote.service.DriverCommandExecutor.execute(DriverCommandExecutor.java:83)
	at org.openqa.selenium.remote.RemoteWebDriver.execute(RemoteWebDriver.java:552)
	at org.openqa.selenium.remote.RemoteWebDriver.startSession(RemoteWebDriver.java:213)
	at org.openqa.selenium.remote.RemoteWebDriver.&lt;init&gt;(RemoteWebDriver.java:131)
	at org.openqa.selenium.chrome.ChromeDriver.&lt;init&gt;(ChromeDriver.java:181)
	at org.openqa.selenium.chrome.ChromeDriver.&lt;init&gt;(ChromeDriver.java:168)
	at org.openqa.selenium.chrome.ChromeDriver.&lt;init&gt;(ChromeDriver.java:157)
	at commons.BaseTest.getBrowserDriver(BaseTest.java:42)
	at com.nopcommere.user.Level_04_Multi_Browsers.beforeClass(Level_04_Multi_Browsers.java:39)
... Removed 30 stack frames
</div> <!-- stack-trace -->
                </div> <!-- method-content -->
              </div> <!-- method -->
              <div class="method">
                <div class="method-content">
                  <a name="Login_03_Email_Not_Found">
                  </a> <!-- Login_03_Email_Not_Found -->
                  <span class="method-name">Login_03_Email_Not_Found</span>
                  <div class="stack-trace">org.openqa.selenium.WebDriverException: unknown error: Chrome failed to start: was killed.
  (unknown error: DevToolsActivePort file doesn&apos;t exist)
  (The process started from chrome location C:\Program Files\Google\Chrome\Application\chrome.exe is no longer running, so ChromeDriver is assuming that Chrome has crashed.)
Build info: version: &apos;3.141.59&apos;, revision: &apos;e82be7d358&apos;, time: &apos;2018-11-14T08:25:53&apos;
System info: host: &apos;LAPTOP-DUVPB633&apos;, ip: &apos;192.168.1.13&apos;, os.name: &apos;Windows 10&apos;, os.arch: &apos;amd64&apos;, os.version: &apos;10.0&apos;, java.version: &apos;11.0.17&apos;
Driver info: driver.version: ChromeDriver
remote stacktrace: Backtrace:
	Ordinal0 [0x005B78B3+2193587]
	Ordinal0 [0x00550681+1771137]
	Ordinal0 [0x004641A8+803240]
	Ordinal0 [0x004829A1+928161]
	Ordinal0 [0x0047EBC1+912321]
	Ordinal0 [0x004B23B0+1123248]
	Ordinal0 [0x004B200A+1122314]
	Ordinal0 [0x004AD5C6+1103302]
	Ordinal0 [0x004877E0+948192]
	Ordinal0 [0x004886E6+952038]
	GetHandleVerifier [0x00860CB2+2738370]
	GetHandleVerifier [0x008521B8+2678216]
	GetHandleVerifier [0x006417AA+512954]
	GetHandleVerifier [0x00640856+509030]
	Ordinal0 [0x0055743B+1799227]
	Ordinal0 [0x0055BB68+1817448]
	Ordinal0 [0x0055BC55+1817685]
	Ordinal0 [0x00565230+1856048]
	BaseThreadInitThunk [0x754000C9+25]
	RtlGetAppContainerNamedObjectPath [0x77587B1E+286]
	RtlGetAppContainerNamedObjectPath [0x77587AEE+238]

	at org.openqa.selenium.remote.W3CHandshakeResponse.lambda$errorHandler$0(W3CHandshakeResponse.java:62)
	at org.openqa.selenium.remote.HandshakeResponse.lambda$getResponseFunction$0(HandshakeResponse.java:30)
	at org.openqa.selenium.remote.ProtocolHandshake.lambda$createSession$0(ProtocolHandshake.java:126)
	at java.base/java.util.stream.ReferencePipeline$3$1.accept(ReferencePipeline.java:195)
	at java.base/java.util.Spliterators$ArraySpliterator.tryAdvance(Spliterators.java:958)
	at java.base/java.util.stream.ReferencePipeline.forEachWithCancel(ReferencePipeline.java:127)
	at java.base/java.util.stream.AbstractPipeline.copyIntoWithCancel(AbstractPipeline.java:502)
	at java.base/java.util.stream.AbstractPipeline.copyInto(AbstractPipeline.java:488)
	at java.base/java.util.stream.AbstractPipeline.wrapAndCopyInto(AbstractPipeline.java:474)
	at java.base/java.util.stream.FindOps$FindOp.evaluateSequential(FindOps.java:150)
	at java.base/java.util.stream.AbstractPipeline.evaluate(AbstractPipeline.java:234)
	at java.base/java.util.stream.ReferencePipeline.findFirst(ReferencePipeline.java:543)
	at org.openqa.selenium.remote.ProtocolHandshake.createSession(ProtocolHandshake.java:128)
	at org.openqa.selenium.remote.ProtocolHandshake.createSession(ProtocolHandshake.java:74)
	at org.openqa.selenium.remote.HttpCommandExecutor.execute(HttpCommandExecutor.java:136)
	at org.openqa.selenium.remote.service.DriverCommandExecutor.execute(DriverCommandExecutor.java:83)
	at org.openqa.selenium.remote.RemoteWebDriver.execute(RemoteWebDriver.java:552)
	at org.openqa.selenium.remote.RemoteWebDriver.startSession(RemoteWebDriver.java:213)
	at org.openqa.selenium.remote.RemoteWebDriver.&lt;init&gt;(RemoteWebDriver.java:131)
	at org.openqa.selenium.chrome.ChromeDriver.&lt;init&gt;(ChromeDriver.java:181)
	at org.openqa.selenium.chrome.ChromeDriver.&lt;init&gt;(ChromeDriver.java:168)
	at org.openqa.selenium.chrome.ChromeDriver.&lt;init&gt;(ChromeDriver.java:157)
	at commons.BaseTest.getBrowserDriver(BaseTest.java:42)
	at com.nopcommere.user.Level_04_Multi_Browsers.beforeClass(Level_04_Multi_Browsers.java:39)
... Removed 30 stack frames
</div> <!-- stack-trace -->
                </div> <!-- method-content -->
              </div> <!-- method -->
              <div class="method">
                <div class="method-content">
                  <a name="Login_04_Existing_Email_Empty_Password">
                  </a> <!-- Login_04_Existing_Email_Empty_Password -->
                  <span class="method-name">Login_04_Existing_Email_Empty_Password</span>
                  <div class="stack-trace">org.openqa.selenium.WebDriverException: unknown error: Chrome failed to start: was killed.
  (unknown error: DevToolsActivePort file doesn&apos;t exist)
  (The process started from chrome location C:\Program Files\Google\Chrome\Application\chrome.exe is no longer running, so ChromeDriver is assuming that Chrome has crashed.)
Build info: version: &apos;3.141.59&apos;, revision: &apos;e82be7d358&apos;, time: &apos;2018-11-14T08:25:53&apos;
System info: host: &apos;LAPTOP-DUVPB633&apos;, ip: &apos;192.168.1.13&apos;, os.name: &apos;Windows 10&apos;, os.arch: &apos;amd64&apos;, os.version: &apos;10.0&apos;, java.version: &apos;11.0.17&apos;
Driver info: driver.version: ChromeDriver
remote stacktrace: Backtrace:
	Ordinal0 [0x005B78B3+2193587]
	Ordinal0 [0x00550681+1771137]
	Ordinal0 [0x004641A8+803240]
	Ordinal0 [0x004829A1+928161]
	Ordinal0 [0x0047EBC1+912321]
	Ordinal0 [0x004B23B0+1123248]
	Ordinal0 [0x004B200A+1122314]
	Ordinal0 [0x004AD5C6+1103302]
	Ordinal0 [0x004877E0+948192]
	Ordinal0 [0x004886E6+952038]
	GetHandleVerifier [0x00860CB2+2738370]
	GetHandleVerifier [0x008521B8+2678216]
	GetHandleVerifier [0x006417AA+512954]
	GetHandleVerifier [0x00640856+509030]
	Ordinal0 [0x0055743B+1799227]
	Ordinal0 [0x0055BB68+1817448]
	Ordinal0 [0x0055BC55+1817685]
	Ordinal0 [0x00565230+1856048]
	BaseThreadInitThunk [0x754000C9+25]
	RtlGetAppContainerNamedObjectPath [0x77587B1E+286]
	RtlGetAppContainerNamedObjectPath [0x77587AEE+238]

	at org.openqa.selenium.remote.W3CHandshakeResponse.lambda$errorHandler$0(W3CHandshakeResponse.java:62)
	at org.openqa.selenium.remote.HandshakeResponse.lambda$getResponseFunction$0(HandshakeResponse.java:30)
	at org.openqa.selenium.remote.ProtocolHandshake.lambda$createSession$0(ProtocolHandshake.java:126)
	at java.base/java.util.stream.ReferencePipeline$3$1.accept(ReferencePipeline.java:195)
	at java.base/java.util.Spliterators$ArraySpliterator.tryAdvance(Spliterators.java:958)
	at java.base/java.util.stream.ReferencePipeline.forEachWithCancel(ReferencePipeline.java:127)
	at java.base/java.util.stream.AbstractPipeline.copyIntoWithCancel(AbstractPipeline.java:502)
	at java.base/java.util.stream.AbstractPipeline.copyInto(AbstractPipeline.java:488)
	at java.base/java.util.stream.AbstractPipeline.wrapAndCopyInto(AbstractPipeline.java:474)
	at java.base/java.util.stream.FindOps$FindOp.evaluateSequential(FindOps.java:150)
	at java.base/java.util.stream.AbstractPipeline.evaluate(AbstractPipeline.java:234)
	at java.base/java.util.stream.ReferencePipeline.findFirst(ReferencePipeline.java:543)
	at org.openqa.selenium.remote.ProtocolHandshake.createSession(ProtocolHandshake.java:128)
	at org.openqa.selenium.remote.ProtocolHandshake.createSession(ProtocolHandshake.java:74)
	at org.openqa.selenium.remote.HttpCommandExecutor.execute(HttpCommandExecutor.java:136)
	at org.openqa.selenium.remote.service.DriverCommandExecutor.execute(DriverCommandExecutor.java:83)
	at org.openqa.selenium.remote.RemoteWebDriver.execute(RemoteWebDriver.java:552)
	at org.openqa.selenium.remote.RemoteWebDriver.startSession(RemoteWebDriver.java:213)
	at org.openqa.selenium.remote.RemoteWebDriver.&lt;init&gt;(RemoteWebDriver.java:131)
	at org.openqa.selenium.chrome.ChromeDriver.&lt;init&gt;(ChromeDriver.java:181)
	at org.openqa.selenium.chrome.ChromeDriver.&lt;init&gt;(ChromeDriver.java:168)
	at org.openqa.selenium.chrome.ChromeDriver.&lt;init&gt;(ChromeDriver.java:157)
	at commons.BaseTest.getBrowserDriver(BaseTest.java:42)
	at com.nopcommere.user.Level_04_Multi_Browsers.beforeClass(Level_04_Multi_Browsers.java:39)
... Removed 30 stack frames
</div> <!-- stack-trace -->
                </div> <!-- method-content -->
              </div> <!-- method -->
              <div class="method">
                <div class="method-content">
                  <a name="Login_05_Existing_Email_Wrong_Password">
                  </a> <!-- Login_05_Existing_Email_Wrong_Password -->
                  <span class="method-name">Login_05_Existing_Email_Wrong_Password</span>
                  <div class="stack-trace">org.openqa.selenium.WebDriverException: unknown error: Chrome failed to start: was killed.
  (unknown error: DevToolsActivePort file doesn&apos;t exist)
  (The process started from chrome location C:\Program Files\Google\Chrome\Application\chrome.exe is no longer running, so ChromeDriver is assuming that Chrome has crashed.)
Build info: version: &apos;3.141.59&apos;, revision: &apos;e82be7d358&apos;, time: &apos;2018-11-14T08:25:53&apos;
System info: host: &apos;LAPTOP-DUVPB633&apos;, ip: &apos;192.168.1.13&apos;, os.name: &apos;Windows 10&apos;, os.arch: &apos;amd64&apos;, os.version: &apos;10.0&apos;, java.version: &apos;11.0.17&apos;
Driver info: driver.version: ChromeDriver
remote stacktrace: Backtrace:
	Ordinal0 [0x005B78B3+2193587]
	Ordinal0 [0x00550681+1771137]
	Ordinal0 [0x004641A8+803240]
	Ordinal0 [0x004829A1+928161]
	Ordinal0 [0x0047EBC1+912321]
	Ordinal0 [0x004B23B0+1123248]
	Ordinal0 [0x004B200A+1122314]
	Ordinal0 [0x004AD5C6+1103302]
	Ordinal0 [0x004877E0+948192]
	Ordinal0 [0x004886E6+952038]
	GetHandleVerifier [0x00860CB2+2738370]
	GetHandleVerifier [0x008521B8+2678216]
	GetHandleVerifier [0x006417AA+512954]
	GetHandleVerifier [0x00640856+509030]
	Ordinal0 [0x0055743B+1799227]
	Ordinal0 [0x0055BB68+1817448]
	Ordinal0 [0x0055BC55+1817685]
	Ordinal0 [0x00565230+1856048]
	BaseThreadInitThunk [0x754000C9+25]
	RtlGetAppContainerNamedObjectPath [0x77587B1E+286]
	RtlGetAppContainerNamedObjectPath [0x77587AEE+238]

	at org.openqa.selenium.remote.W3CHandshakeResponse.lambda$errorHandler$0(W3CHandshakeResponse.java:62)
	at org.openqa.selenium.remote.HandshakeResponse.lambda$getResponseFunction$0(HandshakeResponse.java:30)
	at org.openqa.selenium.remote.ProtocolHandshake.lambda$createSession$0(ProtocolHandshake.java:126)
	at java.base/java.util.stream.ReferencePipeline$3$1.accept(ReferencePipeline.java:195)
	at java.base/java.util.Spliterators$ArraySpliterator.tryAdvance(Spliterators.java:958)
	at java.base/java.util.stream.ReferencePipeline.forEachWithCancel(ReferencePipeline.java:127)
	at java.base/java.util.stream.AbstractPipeline.copyIntoWithCancel(AbstractPipeline.java:502)
	at java.base/java.util.stream.AbstractPipeline.copyInto(AbstractPipeline.java:488)
	at java.base/java.util.stream.AbstractPipeline.wrapAndCopyInto(AbstractPipeline.java:474)
	at java.base/java.util.stream.FindOps$FindOp.evaluateSequential(FindOps.java:150)
	at java.base/java.util.stream.AbstractPipeline.evaluate(AbstractPipeline.java:234)
	at java.base/java.util.stream.ReferencePipeline.findFirst(ReferencePipeline.java:543)
	at org.openqa.selenium.remote.ProtocolHandshake.createSession(ProtocolHandshake.java:128)
	at org.openqa.selenium.remote.ProtocolHandshake.createSession(ProtocolHandshake.java:74)
	at org.openqa.selenium.remote.HttpCommandExecutor.execute(HttpCommandExecutor.java:136)
	at org.openqa.selenium.remote.service.DriverCommandExecutor.execute(DriverCommandExecutor.java:83)
	at org.openqa.selenium.remote.RemoteWebDriver.execute(RemoteWebDriver.java:552)
	at org.openqa.selenium.remote.RemoteWebDriver.startSession(RemoteWebDriver.java:213)
	at org.openqa.selenium.remote.RemoteWebDriver.&lt;init&gt;(RemoteWebDriver.java:131)
	at org.openqa.selenium.chrome.ChromeDriver.&lt;init&gt;(ChromeDriver.java:181)
	at org.openqa.selenium.chrome.ChromeDriver.&lt;init&gt;(ChromeDriver.java:168)
	at org.openqa.selenium.chrome.ChromeDriver.&lt;init&gt;(ChromeDriver.java:157)
	at commons.BaseTest.getBrowserDriver(BaseTest.java:42)
	at com.nopcommere.user.Level_04_Multi_Browsers.beforeClass(Level_04_Multi_Browsers.java:39)
... Removed 30 stack frames
</div> <!-- stack-trace -->
                </div> <!-- method-content -->
              </div> <!-- method -->
              <div class="method">
                <div class="method-content">
                  <a name="Login_06_Existing_Email_Correct_Password">
                  </a> <!-- Login_06_Existing_Email_Correct_Password -->
                  <span class="method-name">Login_06_Existing_Email_Correct_Password</span>
                  <div class="stack-trace">org.openqa.selenium.WebDriverException: unknown error: Chrome failed to start: was killed.
  (unknown error: DevToolsActivePort file doesn&apos;t exist)
  (The process started from chrome location C:\Program Files\Google\Chrome\Application\chrome.exe is no longer running, so ChromeDriver is assuming that Chrome has crashed.)
Build info: version: &apos;3.141.59&apos;, revision: &apos;e82be7d358&apos;, time: &apos;2018-11-14T08:25:53&apos;
System info: host: &apos;LAPTOP-DUVPB633&apos;, ip: &apos;192.168.1.13&apos;, os.name: &apos;Windows 10&apos;, os.arch: &apos;amd64&apos;, os.version: &apos;10.0&apos;, java.version: &apos;11.0.17&apos;
Driver info: driver.version: ChromeDriver
remote stacktrace: Backtrace:
	Ordinal0 [0x005B78B3+2193587]
	Ordinal0 [0x00550681+1771137]
	Ordinal0 [0x004641A8+803240]
	Ordinal0 [0x004829A1+928161]
	Ordinal0 [0x0047EBC1+912321]
	Ordinal0 [0x004B23B0+1123248]
	Ordinal0 [0x004B200A+1122314]
	Ordinal0 [0x004AD5C6+1103302]
	Ordinal0 [0x004877E0+948192]
	Ordinal0 [0x004886E6+952038]
	GetHandleVerifier [0x00860CB2+2738370]
	GetHandleVerifier [0x008521B8+2678216]
	GetHandleVerifier [0x006417AA+512954]
	GetHandleVerifier [0x00640856+509030]
	Ordinal0 [0x0055743B+1799227]
	Ordinal0 [0x0055BB68+1817448]
	Ordinal0 [0x0055BC55+1817685]
	Ordinal0 [0x00565230+1856048]
	BaseThreadInitThunk [0x754000C9+25]
	RtlGetAppContainerNamedObjectPath [0x77587B1E+286]
	RtlGetAppContainerNamedObjectPath [0x77587AEE+238]

	at org.openqa.selenium.remote.W3CHandshakeResponse.lambda$errorHandler$0(W3CHandshakeResponse.java:62)
	at org.openqa.selenium.remote.HandshakeResponse.lambda$getResponseFunction$0(HandshakeResponse.java:30)
	at org.openqa.selenium.remote.ProtocolHandshake.lambda$createSession$0(ProtocolHandshake.java:126)
	at java.base/java.util.stream.ReferencePipeline$3$1.accept(ReferencePipeline.java:195)
	at java.base/java.util.Spliterators$ArraySpliterator.tryAdvance(Spliterators.java:958)
	at java.base/java.util.stream.ReferencePipeline.forEachWithCancel(ReferencePipeline.java:127)
	at java.base/java.util.stream.AbstractPipeline.copyIntoWithCancel(AbstractPipeline.java:502)
	at java.base/java.util.stream.AbstractPipeline.copyInto(AbstractPipeline.java:488)
	at java.base/java.util.stream.AbstractPipeline.wrapAndCopyInto(AbstractPipeline.java:474)
	at java.base/java.util.stream.FindOps$FindOp.evaluateSequential(FindOps.java:150)
	at java.base/java.util.stream.AbstractPipeline.evaluate(AbstractPipeline.java:234)
	at java.base/java.util.stream.ReferencePipeline.findFirst(ReferencePipeline.java:543)
	at org.openqa.selenium.remote.ProtocolHandshake.createSession(ProtocolHandshake.java:128)
	at org.openqa.selenium.remote.ProtocolHandshake.createSession(ProtocolHandshake.java:74)
	at org.openqa.selenium.remote.HttpCommandExecutor.execute(HttpCommandExecutor.java:136)
	at org.openqa.selenium.remote.service.DriverCommandExecutor.execute(DriverCommandExecutor.java:83)
	at org.openqa.selenium.remote.RemoteWebDriver.execute(RemoteWebDriver.java:552)
	at org.openqa.selenium.remote.RemoteWebDriver.startSession(RemoteWebDriver.java:213)
	at org.openqa.selenium.remote.RemoteWebDriver.&lt;init&gt;(RemoteWebDriver.java:131)
	at org.openqa.selenium.chrome.ChromeDriver.&lt;init&gt;(ChromeDriver.java:181)
	at org.openqa.selenium.chrome.ChromeDriver.&lt;init&gt;(ChromeDriver.java:168)
	at org.openqa.selenium.chrome.ChromeDriver.&lt;init&gt;(ChromeDriver.java:157)
	at commons.BaseTest.getBrowserDriver(BaseTest.java:42)
	at com.nopcommere.user.Level_04_Multi_Browsers.beforeClass(Level_04_Multi_Browsers.java:39)
... Removed 30 stack frames
</div> <!-- stack-trace -->
                </div> <!-- method-content -->
              </div> <!-- method -->
            </div> <!-- main-panel-content rounded-window-bottom -->
          </div> <!-- suite-Suite-class-skipped -->
          <div class="suite-Suite-class-passed">
            <div class="main-panel-header rounded-window-top">
              <img src="passed.png"/>
              <span class="class-name">com.nopcommere.user.Level_04_Multi_Browsers</span>
            </div> <!-- main-panel-header rounded-window-top -->
            <div class="main-panel-content rounded-window-bottom">
              <div class="method">
                <div class="method-content">
                  <a name="Login_01_Empty_Data">
                  </a> <!-- Login_01_Empty_Data -->
                  <span class="method-name">Login_01_Empty_Data</span>
                </div> <!-- method-content -->
              </div> <!-- method -->
              <div class="method">
                <div class="method-content">
                  <a name="Login_02_Invalid_Email">
                  </a> <!-- Login_02_Invalid_Email -->
                  <span class="method-name">Login_02_Invalid_Email</span>
                </div> <!-- method-content -->
              </div> <!-- method -->
              <div class="method">
                <div class="method-content">
                  <a name="Login_03_Email_Not_Found">
                  </a> <!-- Login_03_Email_Not_Found -->
                  <span class="method-name">Login_03_Email_Not_Found</span>
                </div> <!-- method-content -->
              </div> <!-- method -->
              <div class="method">
                <div class="method-content">
                  <a name="Login_04_Existing_Email_Empty_Password">
                  </a> <!-- Login_04_Existing_Email_Empty_Password -->
                  <span class="method-name">Login_04_Existing_Email_Empty_Password</span>
                </div> <!-- method-content -->
              </div> <!-- method -->
              <div class="method">
                <div class="method-content">
                  <a name="Login_05_Existing_Email_Wrong_Password">
                  </a> <!-- Login_05_Existing_Email_Wrong_Password -->
                  <span class="method-name">Login_05_Existing_Email_Wrong_Password</span>
                </div> <!-- method-content -->
              </div> <!-- method -->
              <div class="method">
                <div class="method-content">
                  <a name="Login_06_Existing_Email_Correct_Password">
                  </a> <!-- Login_06_Existing_Email_Correct_Password -->
                  <span class="method-name">Login_06_Existing_Email_Correct_Password</span>
                </div> <!-- method-content -->
              </div> <!-- method -->
            </div> <!-- main-panel-content rounded-window-bottom -->
          </div> <!-- suite-Suite-class-passed -->
        </div> <!-- panel Suite -->
        <div panel-name="test-xml-Suite" class="panel">
          <div class="main-panel-header rounded-window-top">
            <span class="header-content">C:\Users\ADMIN\git\hybrid_framework_nopcommere\hybrid_framework_nopcommere\resources\runNopcommereTest.xml</span>
          </div> <!-- main-panel-header rounded-window-top -->
          <div class="main-panel-content rounded-window-bottom">
            <pre>
&lt;?xml version=&quot;1.0&quot; encoding=&quot;UTF-8&quot;?&gt;
&lt;!DOCTYPE suite SYSTEM &quot;http://testng.org/testng-1.0.dtd&quot;&gt;
&lt;suite name=&quot;Suite&quot;&gt;
  &lt;test thread-count=&quot;5&quot; name=&quot;Run on Headless Firefox&quot;&gt;
    &lt;parameter name=&quot;browser&quot; value=&quot;h_firefox&quot;/&gt;
    &lt;classes&gt;
      &lt;class name=&quot;com.nopcommere.user.Level_04_Multi_Browsers&quot;/&gt;
    &lt;/classes&gt;
  &lt;/test&gt; &lt;!-- Run on Headless Firefox --&gt;
  &lt;test thread-count=&quot;5&quot; name=&quot;Run on Headless Chrome&quot;&gt;
    &lt;parameter name=&quot;browser&quot; value=&quot;h_chrome&quot;/&gt;
    &lt;classes&gt;
      &lt;class name=&quot;com.nopcommere.user.Level_04_Multi_Browsers&quot;/&gt;
    &lt;/classes&gt;
  &lt;/test&gt; &lt;!-- Run on Headless Chrome --&gt;
&lt;/suite&gt; &lt;!-- Suite --&gt;
            </pre>
          </div> <!-- main-panel-content rounded-window-bottom -->
        </div> <!-- panel -->
        <div panel-name="testlist-Suite" class="panel">
          <div class="main-panel-header rounded-window-top">
            <span class="header-content">Tests for Suite</span>
          </div> <!-- main-panel-header rounded-window-top -->
          <div class="main-panel-content rounded-window-bottom">
            <ul>
              <li>
                <span class="test-name">Run on Headless Firefox (1 class)</span>
              </li>
              <li>
                <span class="test-name">Run on Headless Chrome (1 class)</span>
              </li>
            </ul>
          </div> <!-- main-panel-content rounded-window-bottom -->
        </div> <!-- panel -->
        <div panel-name="group-Suite" class="panel">
          <div class="main-panel-header rounded-window-top">
            <span class="header-content">Groups for Suite</span>
          </div> <!-- main-panel-header rounded-window-top -->
          <div class="main-panel-content rounded-window-bottom">
          </div> <!-- main-panel-content rounded-window-bottom -->
        </div> <!-- panel -->
        <div panel-name="times-Suite" class="panel">
          <div class="main-panel-header rounded-window-top">
            <span class="header-content">Times for Suite</span>
          </div> <!-- main-panel-header rounded-window-top -->
          <div class="main-panel-content rounded-window-bottom">
            <div class="times-div">
              <script type="text/javascript">
suiteTableInitFunctions.push('tableData_Suite');
function tableData_Suite() {
var data = new google.visualization.DataTable();
data.addColumn('number', 'Number');
data.addColumn('string', 'Method');
data.addColumn('string', 'Class');
data.addColumn('number', 'Time (ms)');
data.addRows(12);
data.setCell(0, 0, 0)
data.setCell(0, 1, 'Login_04_Existing_Email_Empty_Password')
data.setCell(0, 2, 'com.nopcommere.user.Level_04_Multi_Browsers')
data.setCell(0, 3, 1669);
data.setCell(1, 0, 1)
data.setCell(1, 1, 'Login_06_Existing_Email_Correct_Password')
data.setCell(1, 2, 'com.nopcommere.user.Level_04_Multi_Browsers')
data.setCell(1, 3, 1492);
data.setCell(2, 0, 2)
data.setCell(2, 1, 'Login_03_Email_Not_Found')
data.setCell(2, 2, 'com.nopcommere.user.Level_04_Multi_Browsers')
data.setCell(2, 3, 1305);
data.setCell(3, 0, 3)
data.setCell(3, 1, 'Login_05_Existing_Email_Wrong_Password')
data.setCell(3, 2, 'com.nopcommere.user.Level_04_Multi_Browsers')
data.setCell(3, 3, 1292);
data.setCell(4, 0, 4)
data.setCell(4, 1, 'Login_02_Invalid_Email')
data.setCell(4, 2, 'com.nopcommere.user.Level_04_Multi_Browsers')
data.setCell(4, 3, 1031);
data.setCell(5, 0, 5)
data.setCell(5, 1, 'Login_01_Empty_Data')
data.setCell(5, 2, 'com.nopcommere.user.Level_04_Multi_Browsers')
data.setCell(5, 3, 943);
data.setCell(6, 0, 6)
data.setCell(6, 1, 'Login_01_Empty_Data')
data.setCell(6, 2, 'com.nopcommere.user.Level_04_Multi_Browsers')
data.setCell(6, 3, 0);
data.setCell(7, 0, 7)
data.setCell(7, 1, 'Login_03_Email_Not_Found')
data.setCell(7, 2, 'com.nopcommere.user.Level_04_Multi_Browsers')
data.setCell(7, 3, 0);
data.setCell(8, 0, 8)
data.setCell(8, 1, 'Login_04_Existing_Email_Empty_Password')
data.setCell(8, 2, 'com.nopcommere.user.Level_04_Multi_Browsers')
data.setCell(8, 3, 0);
data.setCell(9, 0, 9)
data.setCell(9, 1, 'Login_05_Existing_Email_Wrong_Password')
data.setCell(9, 2, 'com.nopcommere.user.Level_04_Multi_Browsers')
data.setCell(9, 3, 0);
data.setCell(10, 0, 10)
data.setCell(10, 1, 'Login_02_Invalid_Email')
data.setCell(10, 2, 'com.nopcommere.user.Level_04_Multi_Browsers')
data.setCell(10, 3, 0);
data.setCell(11, 0, 11)
data.setCell(11, 1, 'Login_06_Existing_Email_Correct_Password')
data.setCell(11, 2, 'com.nopcommere.user.Level_04_Multi_Browsers')
data.setCell(11, 3, 0);
window.suiteTableData['Suite']= { tableData: data, tableDiv: 'times-div-Suite'}
return data;
}
              </script>
              <span class="suite-total-time">Total running time: 7 seconds</span>
              <div id="times-div-Suite">
              </div> <!-- times-div-Suite -->
            </div> <!-- times-div -->
          </div> <!-- main-panel-content rounded-window-bottom -->
        </div> <!-- panel -->
        <div panel-name="reporter-Suite" class="panel">
          <div class="main-panel-header rounded-window-top">
            <span class="header-content">Reporter output for Suite</span>
          </div> <!-- main-panel-header rounded-window-top -->
          <div class="main-panel-content rounded-window-bottom">
          </div> <!-- main-panel-content rounded-window-bottom -->
        </div> <!-- panel -->
        <div panel-name="ignored-methods-Suite" class="panel">
          <div class="main-panel-header rounded-window-top">
            <span class="header-content">0 ignored methods</span>
          </div> <!-- main-panel-header rounded-window-top -->
          <div class="main-panel-content rounded-window-bottom">
          </div> <!-- main-panel-content rounded-window-bottom -->
        </div> <!-- panel -->
        <div panel-name="chronological-Suite" class="panel">
          <div class="main-panel-header rounded-window-top">
            <span class="header-content">Methods in chronological order</span>
          </div> <!-- main-panel-header rounded-window-top -->
          <div class="main-panel-content rounded-window-bottom">
            <div class="chronological-class">
              <div class="chronological-class-name">com.nopcommere.user.Level_04_Multi_Browsers</div> <!-- chronological-class-name -->
              <div class="test-method">
                <span class="method-name">Login_01_Empty_Data</span>
                <span class="method-start">0 ms</span>
              </div> <!-- test-method -->
              <div class="test-method">
                <span class="method-name">Login_02_Invalid_Email</span>
                <span class="method-start">0 ms</span>
              </div> <!-- test-method -->
              <div class="test-method">
                <span class="method-name">Login_03_Email_Not_Found</span>
                <span class="method-start">0 ms</span>
              </div> <!-- test-method -->
              <div class="test-method">
                <span class="method-name">Login_04_Existing_Email_Empty_Password</span>
                <span class="method-start">0 ms</span>
              </div> <!-- test-method -->
              <div class="test-method">
                <span class="method-name">Login_05_Existing_Email_Wrong_Password</span>
                <span class="method-start">0 ms</span>
              </div> <!-- test-method -->
              <div class="test-method">
                <span class="method-name">Login_06_Existing_Email_Correct_Password</span>
                <span class="method-start">0 ms</span>
              </div> <!-- test-method -->
              <div class="configuration-class before">
                <span class="method-name">beforeClass(h_firefox)</span>
                <span class="method-start">0 ms</span>
              </div> <!-- configuration-class before -->
              <div class="test-method">
                <span class="method-name">Login_01_Empty_Data</span>
                <span class="method-start">8109 ms</span>
              </div> <!-- test-method -->
              <div class="test-method">
                <span class="method-name">Login_02_Invalid_Email</span>
                <span class="method-start">9054 ms</span>
              </div> <!-- test-method -->
              <div class="test-method">
                <span class="method-name">Login_03_Email_Not_Found</span>
                <span class="method-start">10087 ms</span>
              </div> <!-- test-method -->
              <div class="test-method">
                <span class="method-name">Login_04_Existing_Email_Empty_Password</span>
                <span class="method-start">11394 ms</span>
              </div> <!-- test-method -->
              <div class="test-method">
                <span class="method-name">Login_05_Existing_Email_Wrong_Password</span>
                <span class="method-start">13064 ms</span>
              </div> <!-- test-method -->
              <div class="test-method">
                <span class="method-name">Login_06_Existing_Email_Correct_Password</span>
                <span class="method-start">14358 ms</span>
              </div> <!-- test-method -->
              <div class="configuration-class after">
                <span class="method-name">afterClass</span>
                <span class="method-start">15851 ms</span>
              </div> <!-- configuration-class after -->
              <div class="configuration-class before">
                <img src="failed.png">
                </img>
                <span class="method-name">beforeClass(h_chrome)</span>
                <span class="method-start">16881 ms</span>
              </div> <!-- configuration-class before -->
          </div> <!-- main-panel-content rounded-window-bottom -->
        </div> <!-- panel -->
      </div> <!-- main-panel-root -->
    </div> <!-- wrapper -->
  </body>
</html>
