<?xml version="1.0" encoding="UTF-8"?>
<testng-results ignored="0" total="12" passed="6" failed="0" skipped="6">
  <reporter-output>
  </reporter-output>
  <suite started-at="2023-09-03T16:45:24Z" name="Suite" finished-at="2023-09-03T16:45:44Z" duration-ms="20364">
    <groups>
    </groups>
    <test started-at="2023-09-03T16:45:24Z" name="Run on Headless Firefox" finished-at="2023-09-03T16:45:40Z" duration-ms="16869">
      <class name="com.nopcommere.user.Level_04_Multi_Browsers">
        <test-method is-config="true" signature="beforeClass(java.lang.String)[pri:0, instance:com.nopcommere.user.Level_04_Multi_Browsers@3d34d211]" started-at="2023-09-03T16:45:24Z" name="beforeClass" finished-at="2023-09-03T16:45:32Z" duration-ms="8102" status="PASS">
          <params>
            <param index="0">
              <value>
                <![CDATA[h_firefox]]>
              </value>
            </param>
          </params>
          <reporter-output>
          </reporter-output>
        </test-method> <!-- beforeClass -->
        <test-method signature="Login_01_Empty_Data()[pri:0, instance:com.nopcommere.user.Level_04_Multi_Browsers@3d34d211]" started-at="2023-09-03T16:45:32Z" name="Login_01_Empty_Data" finished-at="2023-09-03T16:45:33Z" duration-ms="943" status="PASS">
          <reporter-output>
          </reporter-output>
        </test-method> <!-- Login_01_Empty_Data -->
        <test-method signature="Login_02_Invalid_Email()[pri:0, instance:com.nopcommere.user.Level_04_Multi_Browsers@3d34d211]" started-at="2023-09-03T16:45:33Z" name="Login_02_Invalid_Email" finished-at="2023-09-03T16:45:34Z" duration-ms="1031" status="PASS">
          <reporter-output>
          </reporter-output>
        </test-method> <!-- Login_02_Invalid_Email -->
        <test-method signature="Login_03_Email_Not_Found()[pri:0, instance:com.nopcommere.user.Level_04_Multi_Browsers@3d34d211]" started-at="2023-09-03T16:45:34Z" name="Login_03_Email_Not_Found" finished-at="2023-09-03T16:45:35Z" duration-ms="1305" status="PASS">
          <reporter-output>
          </reporter-output>
        </test-method> <!-- Login_03_Email_Not_Found -->
        <test-method signature="Login_04_Existing_Email_Empty_Password()[pri:0, instance:com.nopcommere.user.Level_04_Multi_Browsers@3d34d211]" started-at="2023-09-03T16:45:35Z" name="Login_04_Existing_Email_Empty_Password" finished-at="2023-09-03T16:45:37Z" duration-ms="1669" status="PASS">
          <reporter-output>
          </reporter-output>
        </test-method> <!-- Login_04_Existing_Email_Empty_Password -->
        <test-method signature="Login_05_Existing_Email_Wrong_Password()[pri:0, instance:com.nopcommere.user.Level_04_Multi_Browsers@3d34d211]" started-at="2023-09-03T16:45:37Z" name="Login_05_Existing_Email_Wrong_Password" finished-at="2023-09-03T16:45:38Z" duration-ms="1292" status="PASS">
          <reporter-output>
          </reporter-output>
        </test-method> <!-- Login_05_Existing_Email_Wrong_Password -->
        <test-method signature="Login_06_Existing_Email_Correct_Password()[pri:0, instance:com.nopcommere.user.Level_04_Multi_Browsers@3d34d211]" started-at="2023-09-03T16:45:38Z" name="Login_06_Existing_Email_Correct_Password" finished-at="2023-09-03T16:45:39Z" duration-ms="1492" status="PASS">
          <reporter-output>
          </reporter-output>
        </test-method> <!-- Login_06_Existing_Email_Correct_Password -->
        <test-method is-config="true" signature="afterClass()[pri:0, instance:com.nopcommere.user.Level_04_Multi_Browsers@3d34d211]" started-at="2023-09-03T16:45:39Z" name="afterClass" finished-at="2023-09-03T16:45:40Z" duration-ms="1010" status="PASS">
          <reporter-output>
          </reporter-output>
        </test-method> <!-- afterClass -->
      </class> <!-- com.nopcommere.user.Level_04_Multi_Browsers -->
    </test> <!-- Run on Headless Firefox -->
    <test started-at="2023-09-03T16:45:40Z" name="Run on Headless Chrome" finished-at="2023-09-03T16:45:44Z" duration-ms="3477">
      <class name="com.nopcommere.user.Level_04_Multi_Browsers">
        <test-method is-config="true" signature="beforeClass(java.lang.String)[pri:0, instance:com.nopcommere.user.Level_04_Multi_Browsers@2e377400]" started-at="2023-09-03T16:45:40Z" name="beforeClass" finished-at="2023-09-03T16:45:44Z" duration-ms="3464" status="FAIL">
          <params>
            <param index="0">
              <value>
                <![CDATA[h_chrome]]>
              </value>
            </param>
          </params>
          <exception class="org.openqa.selenium.WebDriverException">
            <message>
              <![CDATA[unknown error: Chrome failed to start: was killed.
  (unknown error: DevToolsActivePort file doesn't exist)
  (The process started from chrome location C:\Program Files\Google\Chrome\Application\chrome.exe is no longer running, so ChromeDriver is assuming that Chrome has crashed.)
Build info: version: '3.141.59', revision: 'e82be7d358', time: '2018-11-14T08:25:53'
System info: host: 'LAPTOP-DUVPB633', ip: '192.168.1.13', os.name: 'Windows 10', os.arch: 'amd64', os.version: '10.0', java.version: '11.0.17'
Driver info: driver.version: ChromeDriver
remote stacktrace: Backtrace:
Ordinal0 [0x005B78B3+2193587]
Ordinal0 [0x00550681+1771137]
Ordinal0 [0x004641A8+803240]
Ordinal0 [0x004829A1+928161]
Ordinal0 [0x0047EBC1+912321]
Ordinal0 [0x004B23B0+1123248]
Ordinal0 [0x004B200A+1122314]
Ordinal0 [0x004AD5C6+1103302]
Ordinal0 [0x004877E0+948192]
Ordinal0 [0x004886E6+952038]
GetHandleVerifier [0x00860CB2+2738370]
GetHandleVerifier [0x008521B8+2678216]
GetHandleVerifier [0x006417AA+512954]
GetHandleVerifier [0x00640856+509030]
Ordinal0 [0x0055743B+1799227]
Ordinal0 [0x0055BB68+1817448]
Ordinal0 [0x0055BC55+1817685]
Ordinal0 [0x00565230+1856048]
BaseThreadInitThunk [0x754000C9+25]
RtlGetAppContainerNamedObjectPath [0x77587B1E+286]
RtlGetAppContainerNamedObjectPath [0x77587AEE+238]
]]>
            </message>
            <full-stacktrace>
              <![CDATA[org.openqa.selenium.WebDriverException: unknown error: Chrome failed to start: was killed.
  (unknown error: DevToolsActivePort file doesn't exist)
  (The process started from chrome location C:\Program Files\Google\Chrome\Application\chrome.exe is no longer running, so ChromeDriver is assuming that Chrome has crashed.)
Build info: version: '3.141.59', revision: 'e82be7d358', time: '2018-11-14T08:25:53'
System info: host: 'LAPTOP-DUVPB633', ip: '192.168.1.13', os.name: 'Windows 10', os.arch: 'amd64', os.version: '10.0', java.version: '11.0.17'
Driver info: driver.version: ChromeDriver
remote stacktrace: Backtrace:
Ordinal0 [0x005B78B3+2193587]
Ordinal0 [0x00550681+1771137]
Ordinal0 [0x004641A8+803240]
Ordinal0 [0x004829A1+928161]
Ordinal0 [0x0047EBC1+912321]
Ordinal0 [0x004B23B0+1123248]
Ordinal0 [0x004B200A+1122314]
Ordinal0 [0x004AD5C6+1103302]
Ordinal0 [0x004877E0+948192]
Ordinal0 [0x004886E6+952038]
GetHandleVerifier [0x00860CB2+2738370]
GetHandleVerifier [0x008521B8+2678216]
GetHandleVerifier [0x006417AA+512954]
GetHandleVerifier [0x00640856+509030]
Ordinal0 [0x0055743B+1799227]
Ordinal0 [0x0055BB68+1817448]
Ordinal0 [0x0055BC55+1817685]
Ordinal0 [0x00565230+1856048]
BaseThreadInitThunk [0x754000C9+25]
RtlGetAppContainerNamedObjectPath [0x77587B1E+286]
RtlGetAppContainerNamedObjectPath [0x77587AEE+238]

at java.base/jdk.internal.reflect.NativeConstructorAccessorImpl.newInstance0(Native Method)
at java.base/jdk.internal.reflect.NativeConstructorAccessorImpl.newInstance(NativeConstructorAccessorImpl.java:62)
at java.base/jdk.internal.reflect.DelegatingConstructorAccessorImpl.newInstance(DelegatingConstructorAccessorImpl.java:45)
at java.base/java.lang.reflect.Constructor.newInstance(Constructor.java:490)
at org.openqa.selenium.remote.W3CHandshakeResponse.lambda$errorHandler$0(W3CHandshakeResponse.java:62)
at org.openqa.selenium.remote.HandshakeResponse.lambda$getResponseFunction$0(HandshakeResponse.java:30)
at org.openqa.selenium.remote.ProtocolHandshake.lambda$createSession$0(ProtocolHandshake.java:126)
at java.base/java.util.stream.ReferencePipeline$3$1.accept(ReferencePipeline.java:195)
at java.base/java.util.Spliterators$ArraySpliterator.tryAdvance(Spliterators.java:958)
at java.base/java.util.stream.ReferencePipeline.forEachWithCancel(ReferencePipeline.java:127)
at java.base/java.util.stream.AbstractPipeline.copyIntoWithCancel(AbstractPipeline.java:502)
at java.base/java.util.stream.AbstractPipeline.copyInto(AbstractPipeline.java:488)
at java.base/java.util.stream.AbstractPipeline.wrapAndCopyInto(AbstractPipeline.java:474)
at java.base/java.util.stream.FindOps$FindOp.evaluateSequential(FindOps.java:150)
at java.base/java.util.stream.AbstractPipeline.evaluate(AbstractPipeline.java:234)
at java.base/java.util.stream.ReferencePipeline.findFirst(ReferencePipeline.java:543)
at org.openqa.selenium.remote.ProtocolHandshake.createSession(ProtocolHandshake.java:128)
at org.openqa.selenium.remote.ProtocolHandshake.createSession(ProtocolHandshake.java:74)
at org.openqa.selenium.remote.HttpCommandExecutor.execute(HttpCommandExecutor.java:136)
at org.openqa.selenium.remote.service.DriverCommandExecutor.execute(DriverCommandExecutor.java:83)
at org.openqa.selenium.remote.RemoteWebDriver.execute(RemoteWebDriver.java:552)
at org.openqa.selenium.remote.RemoteWebDriver.startSession(RemoteWebDriver.java:213)
at org.openqa.selenium.remote.RemoteWebDriver.<init>(RemoteWebDriver.java:131)
at org.openqa.selenium.chrome.ChromeDriver.<init>(ChromeDriver.java:181)
at org.openqa.selenium.chrome.ChromeDriver.<init>(ChromeDriver.java:168)
at org.openqa.selenium.chrome.ChromeDriver.<init>(ChromeDriver.java:157)
at commons.BaseTest.getBrowserDriver(BaseTest.java:42)
at com.nopcommere.user.Level_04_Multi_Browsers.beforeClass(Level_04_Multi_Browsers.java:39)
at java.base/jdk.internal.reflect.NativeMethodAccessorImpl.invoke0(Native Method)
at java.base/jdk.internal.reflect.NativeMethodAccessorImpl.invoke(NativeMethodAccessorImpl.java:62)
at java.base/jdk.internal.reflect.DelegatingMethodAccessorImpl.invoke(DelegatingMethodAccessorImpl.java:43)
at java.base/java.lang.reflect.Method.invoke(Method.java:566)
at org.testng.internal.MethodInvocationHelper.invokeMethod(MethodInvocationHelper.java:124)
at org.testng.internal.MethodInvocationHelper.invokeMethodConsideringTimeout(MethodInvocationHelper.java:59)
at org.testng.internal.Invoker.invokeConfigurationMethod(Invoker.java:458)
at org.testng.internal.Invoker.invokeConfigurations(Invoker.java:222)
at org.testng.internal.Invoker.invokeConfigurations(Invoker.java:142)
at org.testng.internal.TestMethodWorker.invokeBeforeClassMethods(TestMethodWorker.java:168)
at org.testng.internal.TestMethodWorker.run(TestMethodWorker.java:105)
at org.testng.TestRunner.privateRun(TestRunner.java:648)
at org.testng.TestRunner.run(TestRunner.java:505)
at org.testng.SuiteRunner.runTest(SuiteRunner.java:455)
at org.testng.SuiteRunner.runSequentially(SuiteRunner.java:450)
at org.testng.SuiteRunner.privateRun(SuiteRunner.java:415)
at org.testng.SuiteRunner.run(SuiteRunner.java:364)
at org.testng.SuiteRunnerWorker.runSuite(SuiteRunnerWorker.java:52)
at org.testng.SuiteRunnerWorker.run(SuiteRunnerWorker.java:84)
at org.testng.TestNG.runSuitesSequentially(TestNG.java:1208)
at org.testng.TestNG.runSuitesLocally(TestNG.java:1137)
at org.testng.TestNG.runSuites(TestNG.java:1049)
at org.testng.TestNG.run(TestNG.java:1017)
at org.testng.remote.AbstractRemoteTestNG.run(AbstractRemoteTestNG.java:115)
at org.testng.remote.RemoteTestNG.initAndRun(RemoteTestNG.java:251)
at org.testng.remote.RemoteTestNG.main(RemoteTestNG.java:77)
]]>
            </full-stacktrace>
          </exception> <!-- org.openqa.selenium.WebDriverException -->
          <reporter-output>
          </reporter-output>
        </test-method> <!-- beforeClass -->
        <test-method signature="Login_01_Empty_Data()[pri:0, instance:com.nopcommere.user.Level_04_Multi_Browsers@2e377400]" started-at="2023-09-03T16:45:44Z" name="Login_01_Empty_Data" finished-at="2023-09-03T16:45:44Z" duration-ms="0" status="SKIP">
          <exception class="org.openqa.selenium.WebDriverException">
            <message>
              <![CDATA[unknown error: Chrome failed to start: was killed.
  (unknown error: DevToolsActivePort file doesn't exist)
  (The process started from chrome location C:\Program Files\Google\Chrome\Application\chrome.exe is no longer running, so ChromeDriver is assuming that Chrome has crashed.)
Build info: version: '3.141.59', revision: 'e82be7d358', time: '2018-11-14T08:25:53'
System info: host: 'LAPTOP-DUVPB633', ip: '192.168.1.13', os.name: 'Windows 10', os.arch: 'amd64', os.version: '10.0', java.version: '11.0.17'
Driver info: driver.version: ChromeDriver
remote stacktrace: Backtrace:
Ordinal0 [0x005B78B3+2193587]
Ordinal0 [0x00550681+1771137]
Ordinal0 [0x004641A8+803240]
Ordinal0 [0x004829A1+928161]
Ordinal0 [0x0047EBC1+912321]
Ordinal0 [0x004B23B0+1123248]
Ordinal0 [0x004B200A+1122314]
Ordinal0 [0x004AD5C6+1103302]
Ordinal0 [0x004877E0+948192]
Ordinal0 [0x004886E6+952038]
GetHandleVerifier [0x00860CB2+2738370]
GetHandleVerifier [0x008521B8+2678216]
GetHandleVerifier [0x006417AA+512954]
GetHandleVerifier [0x00640856+509030]
Ordinal0 [0x0055743B+1799227]
Ordinal0 [0x0055BB68+1817448]
Ordinal0 [0x0055BC55+1817685]
Ordinal0 [0x00565230+1856048]
BaseThreadInitThunk [0x754000C9+25]
RtlGetAppContainerNamedObjectPath [0x77587B1E+286]
RtlGetAppContainerNamedObjectPath [0x77587AEE+238]
]]>
            </message>
            <full-stacktrace>
              <![CDATA[org.openqa.selenium.WebDriverException: unknown error: Chrome failed to start: was killed.
  (unknown error: DevToolsActivePort file doesn't exist)
  (The process started from chrome location C:\Program Files\Google\Chrome\Application\chrome.exe is no longer running, so ChromeDriver is assuming that Chrome has crashed.)
Build info: version: '3.141.59', revision: 'e82be7d358', time: '2018-11-14T08:25:53'
System info: host: 'LAPTOP-DUVPB633', ip: '192.168.1.13', os.name: 'Windows 10', os.arch: 'amd64', os.version: '10.0', java.version: '11.0.17'
Driver info: driver.version: ChromeDriver
remote stacktrace: Backtrace:
Ordinal0 [0x005B78B3+2193587]
Ordinal0 [0x00550681+1771137]
Ordinal0 [0x004641A8+803240]
Ordinal0 [0x004829A1+928161]
Ordinal0 [0x0047EBC1+912321]
Ordinal0 [0x004B23B0+1123248]
Ordinal0 [0x004B200A+1122314]
Ordinal0 [0x004AD5C6+1103302]
Ordinal0 [0x004877E0+948192]
Ordinal0 [0x004886E6+952038]
GetHandleVerifier [0x00860CB2+2738370]
GetHandleVerifier [0x008521B8+2678216]
GetHandleVerifier [0x006417AA+512954]
GetHandleVerifier [0x00640856+509030]
Ordinal0 [0x0055743B+1799227]
Ordinal0 [0x0055BB68+1817448]
Ordinal0 [0x0055BC55+1817685]
Ordinal0 [0x00565230+1856048]
BaseThreadInitThunk [0x754000C9+25]
RtlGetAppContainerNamedObjectPath [0x77587B1E+286]
RtlGetAppContainerNamedObjectPath [0x77587AEE+238]

at java.base/jdk.internal.reflect.NativeConstructorAccessorImpl.newInstance0(Native Method)
at java.base/jdk.internal.reflect.NativeConstructorAccessorImpl.newInstance(NativeConstructorAccessorImpl.java:62)
at java.base/jdk.internal.reflect.DelegatingConstructorAccessorImpl.newInstance(DelegatingConstructorAccessorImpl.java:45)
at java.base/java.lang.reflect.Constructor.newInstance(Constructor.java:490)
at org.openqa.selenium.remote.W3CHandshakeResponse.lambda$errorHandler$0(W3CHandshakeResponse.java:62)
at org.openqa.selenium.remote.HandshakeResponse.lambda$getResponseFunction$0(HandshakeResponse.java:30)
at org.openqa.selenium.remote.ProtocolHandshake.lambda$createSession$0(ProtocolHandshake.java:126)
at java.base/java.util.stream.ReferencePipeline$3$1.accept(ReferencePipeline.java:195)
at java.base/java.util.Spliterators$ArraySpliterator.tryAdvance(Spliterators.java:958)
at java.base/java.util.stream.ReferencePipeline.forEachWithCancel(ReferencePipeline.java:127)
at java.base/java.util.stream.AbstractPipeline.copyIntoWithCancel(AbstractPipeline.java:502)
at java.base/java.util.stream.AbstractPipeline.copyInto(AbstractPipeline.java:488)
at java.base/java.util.stream.AbstractPipeline.wrapAndCopyInto(AbstractPipeline.java:474)
at java.base/java.util.stream.FindOps$FindOp.evaluateSequential(FindOps.java:150)
at java.base/java.util.stream.AbstractPipeline.evaluate(AbstractPipeline.java:234)
at java.base/java.util.stream.ReferencePipeline.findFirst(ReferencePipeline.java:543)
at org.openqa.selenium.remote.ProtocolHandshake.createSession(ProtocolHandshake.java:128)
at org.openqa.selenium.remote.ProtocolHandshake.createSession(ProtocolHandshake.java:74)
at org.openqa.selenium.remote.HttpCommandExecutor.execute(HttpCommandExecutor.java:136)
at org.openqa.selenium.remote.service.DriverCommandExecutor.execute(DriverCommandExecutor.java:83)
at org.openqa.selenium.remote.RemoteWebDriver.execute(RemoteWebDriver.java:552)
at org.openqa.selenium.remote.RemoteWebDriver.startSession(RemoteWebDriver.java:213)
at org.openqa.selenium.remote.RemoteWebDriver.<init>(RemoteWebDriver.java:131)
at org.openqa.selenium.chrome.ChromeDriver.<init>(ChromeDriver.java:181)
at org.openqa.selenium.chrome.ChromeDriver.<init>(ChromeDriver.java:168)
at org.openqa.selenium.chrome.ChromeDriver.<init>(ChromeDriver.java:157)
at commons.BaseTest.getBrowserDriver(BaseTest.java:42)
at com.nopcommere.user.Level_04_Multi_Browsers.beforeClass(Level_04_Multi_Browsers.java:39)
at java.base/jdk.internal.reflect.NativeMethodAccessorImpl.invoke0(Native Method)
at java.base/jdk.internal.reflect.NativeMethodAccessorImpl.invoke(NativeMethodAccessorImpl.java:62)
at java.base/jdk.internal.reflect.DelegatingMethodAccessorImpl.invoke(DelegatingMethodAccessorImpl.java:43)
at java.base/java.lang.reflect.Method.invoke(Method.java:566)
at org.testng.internal.MethodInvocationHelper.invokeMethod(MethodInvocationHelper.java:124)
at org.testng.internal.MethodInvocationHelper.invokeMethodConsideringTimeout(MethodInvocationHelper.java:59)
at org.testng.internal.Invoker.invokeConfigurationMethod(Invoker.java:458)
at org.testng.internal.Invoker.invokeConfigurations(Invoker.java:222)
at org.testng.internal.Invoker.invokeConfigurations(Invoker.java:142)
at org.testng.internal.TestMethodWorker.invokeBeforeClassMethods(TestMethodWorker.java:168)
at org.testng.internal.TestMethodWorker.run(TestMethodWorker.java:105)
at org.testng.TestRunner.privateRun(TestRunner.java:648)
at org.testng.TestRunner.run(TestRunner.java:505)
at org.testng.SuiteRunner.runTest(SuiteRunner.java:455)
at org.testng.SuiteRunner.runSequentially(SuiteRunner.java:450)
at org.testng.SuiteRunner.privateRun(SuiteRunner.java:415)
at org.testng.SuiteRunner.run(SuiteRunner.java:364)
at org.testng.SuiteRunnerWorker.runSuite(SuiteRunnerWorker.java:52)
at org.testng.SuiteRunnerWorker.run(SuiteRunnerWorker.java:84)
at org.testng.TestNG.runSuitesSequentially(TestNG.java:1208)
at org.testng.TestNG.runSuitesLocally(TestNG.java:1137)
at org.testng.TestNG.runSuites(TestNG.java:1049)
at org.testng.TestNG.run(TestNG.java:1017)
at org.testng.remote.AbstractRemoteTestNG.run(AbstractRemoteTestNG.java:115)
at org.testng.remote.RemoteTestNG.initAndRun(RemoteTestNG.java:251)
at org.testng.remote.RemoteTestNG.main(RemoteTestNG.java:77)
]]>
            </full-stacktrace>
          </exception> <!-- org.openqa.selenium.WebDriverException -->
          <reporter-output>
          </reporter-output>
        </test-method> <!-- Login_01_Empty_Data -->
        <test-method signature="Login_02_Invalid_Email()[pri:0, instance:com.nopcommere.user.Level_04_Multi_Browsers@2e377400]" started-at="2023-09-03T16:45:44Z" name="Login_02_Invalid_Email" finished-at="2023-09-03T16:45:44Z" duration-ms="0" status="SKIP">
          <exception class="org.openqa.selenium.WebDriverException">
            <message>
              <![CDATA[unknown error: Chrome failed to start: was killed.
  (unknown error: DevToolsActivePort file doesn't exist)
  (The process started from chrome location C:\Program Files\Google\Chrome\Application\chrome.exe is no longer running, so ChromeDriver is assuming that Chrome has crashed.)
Build info: version: '3.141.59', revision: 'e82be7d358', time: '2018-11-14T08:25:53'
System info: host: 'LAPTOP-DUVPB633', ip: '192.168.1.13', os.name: 'Windows 10', os.arch: 'amd64', os.version: '10.0', java.version: '11.0.17'
Driver info: driver.version: ChromeDriver
remote stacktrace: Backtrace:
Ordinal0 [0x005B78B3+2193587]
Ordinal0 [0x00550681+1771137]
Ordinal0 [0x004641A8+803240]
Ordinal0 [0x004829A1+928161]
Ordinal0 [0x0047EBC1+912321]
Ordinal0 [0x004B23B0+1123248]
Ordinal0 [0x004B200A+1122314]
Ordinal0 [0x004AD5C6+1103302]
Ordinal0 [0x004877E0+948192]
Ordinal0 [0x004886E6+952038]
GetHandleVerifier [0x00860CB2+2738370]
GetHandleVerifier [0x008521B8+2678216]
GetHandleVerifier [0x006417AA+512954]
GetHandleVerifier [0x00640856+509030]
Ordinal0 [0x0055743B+1799227]
Ordinal0 [0x0055BB68+1817448]
Ordinal0 [0x0055BC55+1817685]
Ordinal0 [0x00565230+1856048]
BaseThreadInitThunk [0x754000C9+25]
RtlGetAppContainerNamedObjectPath [0x77587B1E+286]
RtlGetAppContainerNamedObjectPath [0x77587AEE+238]
]]>
            </message>
            <full-stacktrace>
              <![CDATA[org.openqa.selenium.WebDriverException: unknown error: Chrome failed to start: was killed.
  (unknown error: DevToolsActivePort file doesn't exist)
  (The process started from chrome location C:\Program Files\Google\Chrome\Application\chrome.exe is no longer running, so ChromeDriver is assuming that Chrome has crashed.)
Build info: version: '3.141.59', revision: 'e82be7d358', time: '2018-11-14T08:25:53'
System info: host: 'LAPTOP-DUVPB633', ip: '192.168.1.13', os.name: 'Windows 10', os.arch: 'amd64', os.version: '10.0', java.version: '11.0.17'
Driver info: driver.version: ChromeDriver
remote stacktrace: Backtrace:
Ordinal0 [0x005B78B3+2193587]
Ordinal0 [0x00550681+1771137]
Ordinal0 [0x004641A8+803240]
Ordinal0 [0x004829A1+928161]
Ordinal0 [0x0047EBC1+912321]
Ordinal0 [0x004B23B0+1123248]
Ordinal0 [0x004B200A+1122314]
Ordinal0 [0x004AD5C6+1103302]
Ordinal0 [0x004877E0+948192]
Ordinal0 [0x004886E6+952038]
GetHandleVerifier [0x00860CB2+2738370]
GetHandleVerifier [0x008521B8+2678216]
GetHandleVerifier [0x006417AA+512954]
GetHandleVerifier [0x00640856+509030]
Ordinal0 [0x0055743B+1799227]
Ordinal0 [0x0055BB68+1817448]
Ordinal0 [0x0055BC55+1817685]
Ordinal0 [0x00565230+1856048]
BaseThreadInitThunk [0x754000C9+25]
RtlGetAppContainerNamedObjectPath [0x77587B1E+286]
RtlGetAppContainerNamedObjectPath [0x77587AEE+238]

at java.base/jdk.internal.reflect.NativeConstructorAccessorImpl.newInstance0(Native Method)
at java.base/jdk.internal.reflect.NativeConstructorAccessorImpl.newInstance(NativeConstructorAccessorImpl.java:62)
at java.base/jdk.internal.reflect.DelegatingConstructorAccessorImpl.newInstance(DelegatingConstructorAccessorImpl.java:45)
at java.base/java.lang.reflect.Constructor.newInstance(Constructor.java:490)
at org.openqa.selenium.remote.W3CHandshakeResponse.lambda$errorHandler$0(W3CHandshakeResponse.java:62)
at org.openqa.selenium.remote.HandshakeResponse.lambda$getResponseFunction$0(HandshakeResponse.java:30)
at org.openqa.selenium.remote.ProtocolHandshake.lambda$createSession$0(ProtocolHandshake.java:126)
at java.base/java.util.stream.ReferencePipeline$3$1.accept(ReferencePipeline.java:195)
at java.base/java.util.Spliterators$ArraySpliterator.tryAdvance(Spliterators.java:958)
at java.base/java.util.stream.ReferencePipeline.forEachWithCancel(ReferencePipeline.java:127)
at java.base/java.util.stream.AbstractPipeline.copyIntoWithCancel(AbstractPipeline.java:502)
at java.base/java.util.stream.AbstractPipeline.copyInto(AbstractPipeline.java:488)
at java.base/java.util.stream.AbstractPipeline.wrapAndCopyInto(AbstractPipeline.java:474)
at java.base/java.util.stream.FindOps$FindOp.evaluateSequential(FindOps.java:150)
at java.base/java.util.stream.AbstractPipeline.evaluate(AbstractPipeline.java:234)
at java.base/java.util.stream.ReferencePipeline.findFirst(ReferencePipeline.java:543)
at org.openqa.selenium.remote.ProtocolHandshake.createSession(ProtocolHandshake.java:128)
at org.openqa.selenium.remote.ProtocolHandshake.createSession(ProtocolHandshake.java:74)
at org.openqa.selenium.remote.HttpCommandExecutor.execute(HttpCommandExecutor.java:136)
at org.openqa.selenium.remote.service.DriverCommandExecutor.execute(DriverCommandExecutor.java:83)
at org.openqa.selenium.remote.RemoteWebDriver.execute(RemoteWebDriver.java:552)
at org.openqa.selenium.remote.RemoteWebDriver.startSession(RemoteWebDriver.java:213)
at org.openqa.selenium.remote.RemoteWebDriver.<init>(RemoteWebDriver.java:131)
at org.openqa.selenium.chrome.ChromeDriver.<init>(ChromeDriver.java:181)
at org.openqa.selenium.chrome.ChromeDriver.<init>(ChromeDriver.java:168)
at org.openqa.selenium.chrome.ChromeDriver.<init>(ChromeDriver.java:157)
at commons.BaseTest.getBrowserDriver(BaseTest.java:42)
at com.nopcommere.user.Level_04_Multi_Browsers.beforeClass(Level_04_Multi_Browsers.java:39)
at java.base/jdk.internal.reflect.NativeMethodAccessorImpl.invoke0(Native Method)
at java.base/jdk.internal.reflect.NativeMethodAccessorImpl.invoke(NativeMethodAccessorImpl.java:62)
at java.base/jdk.internal.reflect.DelegatingMethodAccessorImpl.invoke(DelegatingMethodAccessorImpl.java:43)
at java.base/java.lang.reflect.Method.invoke(Method.java:566)
at org.testng.internal.MethodInvocationHelper.invokeMethod(MethodInvocationHelper.java:124)
at org.testng.internal.MethodInvocationHelper.invokeMethodConsideringTimeout(MethodInvocationHelper.java:59)
at org.testng.internal.Invoker.invokeConfigurationMethod(Invoker.java:458)
at org.testng.internal.Invoker.invokeConfigurations(Invoker.java:222)
at org.testng.internal.Invoker.invokeConfigurations(Invoker.java:142)
at org.testng.internal.TestMethodWorker.invokeBeforeClassMethods(TestMethodWorker.java:168)
at org.testng.internal.TestMethodWorker.run(TestMethodWorker.java:105)
at org.testng.TestRunner.privateRun(TestRunner.java:648)
at org.testng.TestRunner.run(TestRunner.java:505)
at org.testng.SuiteRunner.runTest(SuiteRunner.java:455)
at org.testng.SuiteRunner.runSequentially(SuiteRunner.java:450)
at org.testng.SuiteRunner.privateRun(SuiteRunner.java:415)
at org.testng.SuiteRunner.run(SuiteRunner.java:364)
at org.testng.SuiteRunnerWorker.runSuite(SuiteRunnerWorker.java:52)
at org.testng.SuiteRunnerWorker.run(SuiteRunnerWorker.java:84)
at org.testng.TestNG.runSuitesSequentially(TestNG.java:1208)
at org.testng.TestNG.runSuitesLocally(TestNG.java:1137)
at org.testng.TestNG.runSuites(TestNG.java:1049)
at org.testng.TestNG.run(TestNG.java:1017)
at org.testng.remote.AbstractRemoteTestNG.run(AbstractRemoteTestNG.java:115)
at org.testng.remote.RemoteTestNG.initAndRun(RemoteTestNG.java:251)
at org.testng.remote.RemoteTestNG.main(RemoteTestNG.java:77)
]]>
            </full-stacktrace>
          </exception> <!-- org.openqa.selenium.WebDriverException -->
          <reporter-output>
          </reporter-output>
        </test-method> <!-- Login_02_Invalid_Email -->
        <test-method signature="Login_03_Email_Not_Found()[pri:0, instance:com.nopcommere.user.Level_04_Multi_Browsers@2e377400]" started-at="2023-09-03T16:45:44Z" name="Login_03_Email_Not_Found" finished-at="2023-09-03T16:45:44Z" duration-ms="0" status="SKIP">
          <exception class="org.openqa.selenium.WebDriverException">
            <message>
              <![CDATA[unknown error: Chrome failed to start: was killed.
  (unknown error: DevToolsActivePort file doesn't exist)
  (The process started from chrome location C:\Program Files\Google\Chrome\Application\chrome.exe is no longer running, so ChromeDriver is assuming that Chrome has crashed.)
Build info: version: '3.141.59', revision: 'e82be7d358', time: '2018-11-14T08:25:53'
System info: host: 'LAPTOP-DUVPB633', ip: '192.168.1.13', os.name: 'Windows 10', os.arch: 'amd64', os.version: '10.0', java.version: '11.0.17'
Driver info: driver.version: ChromeDriver
remote stacktrace: Backtrace:
Ordinal0 [0x005B78B3+2193587]
Ordinal0 [0x00550681+1771137]
Ordinal0 [0x004641A8+803240]
Ordinal0 [0x004829A1+928161]
Ordinal0 [0x0047EBC1+912321]
Ordinal0 [0x004B23B0+1123248]
Ordinal0 [0x004B200A+1122314]
Ordinal0 [0x004AD5C6+1103302]
Ordinal0 [0x004877E0+948192]
Ordinal0 [0x004886E6+952038]
GetHandleVerifier [0x00860CB2+2738370]
GetHandleVerifier [0x008521B8+2678216]
GetHandleVerifier [0x006417AA+512954]
GetHandleVerifier [0x00640856+509030]
Ordinal0 [0x0055743B+1799227]
Ordinal0 [0x0055BB68+1817448]
Ordinal0 [0x0055BC55+1817685]
Ordinal0 [0x00565230+1856048]
BaseThreadInitThunk [0x754000C9+25]
RtlGetAppContainerNamedObjectPath [0x77587B1E+286]
RtlGetAppContainerNamedObjectPath [0x77587AEE+238]
]]>
            </message>
            <full-stacktrace>
              <![CDATA[org.openqa.selenium.WebDriverException: unknown error: Chrome failed to start: was killed.
  (unknown error: DevToolsActivePort file doesn't exist)
  (The process started from chrome location C:\Program Files\Google\Chrome\Application\chrome.exe is no longer running, so ChromeDriver is assuming that Chrome has crashed.)
Build info: version: '3.141.59', revision: 'e82be7d358', time: '2018-11-14T08:25:53'
System info: host: 'LAPTOP-DUVPB633', ip: '192.168.1.13', os.name: 'Windows 10', os.arch: 'amd64', os.version: '10.0', java.version: '11.0.17'
Driver info: driver.version: ChromeDriver
remote stacktrace: Backtrace:
Ordinal0 [0x005B78B3+2193587]
Ordinal0 [0x00550681+1771137]
Ordinal0 [0x004641A8+803240]
Ordinal0 [0x004829A1+928161]
Ordinal0 [0x0047EBC1+912321]
Ordinal0 [0x004B23B0+1123248]
Ordinal0 [0x004B200A+1122314]
Ordinal0 [0x004AD5C6+1103302]
Ordinal0 [0x004877E0+948192]
Ordinal0 [0x004886E6+952038]
GetHandleVerifier [0x00860CB2+2738370]
GetHandleVerifier [0x008521B8+2678216]
GetHandleVerifier [0x006417AA+512954]
GetHandleVerifier [0x00640856+509030]
Ordinal0 [0x0055743B+1799227]
Ordinal0 [0x0055BB68+1817448]
Ordinal0 [0x0055BC55+1817685]
Ordinal0 [0x00565230+1856048]
BaseThreadInitThunk [0x754000C9+25]
RtlGetAppContainerNamedObjectPath [0x77587B1E+286]
RtlGetAppContainerNamedObjectPath [0x77587AEE+238]

at java.base/jdk.internal.reflect.NativeConstructorAccessorImpl.newInstance0(Native Method)
at java.base/jdk.internal.reflect.NativeConstructorAccessorImpl.newInstance(NativeConstructorAccessorImpl.java:62)
at java.base/jdk.internal.reflect.DelegatingConstructorAccessorImpl.newInstance(DelegatingConstructorAccessorImpl.java:45)
at java.base/java.lang.reflect.Constructor.newInstance(Constructor.java:490)
at org.openqa.selenium.remote.W3CHandshakeResponse.lambda$errorHandler$0(W3CHandshakeResponse.java:62)
at org.openqa.selenium.remote.HandshakeResponse.lambda$getResponseFunction$0(HandshakeResponse.java:30)
at org.openqa.selenium.remote.ProtocolHandshake.lambda$createSession$0(ProtocolHandshake.java:126)
at java.base/java.util.stream.ReferencePipeline$3$1.accept(ReferencePipeline.java:195)
at java.base/java.util.Spliterators$ArraySpliterator.tryAdvance(Spliterators.java:958)
at java.base/java.util.stream.ReferencePipeline.forEachWithCancel(ReferencePipeline.java:127)
at java.base/java.util.stream.AbstractPipeline.copyIntoWithCancel(AbstractPipeline.java:502)
at java.base/java.util.stream.AbstractPipeline.copyInto(AbstractPipeline.java:488)
at java.base/java.util.stream.AbstractPipeline.wrapAndCopyInto(AbstractPipeline.java:474)
at java.base/java.util.stream.FindOps$FindOp.evaluateSequential(FindOps.java:150)
at java.base/java.util.stream.AbstractPipeline.evaluate(AbstractPipeline.java:234)
at java.base/java.util.stream.ReferencePipeline.findFirst(ReferencePipeline.java:543)
at org.openqa.selenium.remote.ProtocolHandshake.createSession(ProtocolHandshake.java:128)
at org.openqa.selenium.remote.ProtocolHandshake.createSession(ProtocolHandshake.java:74)
at org.openqa.selenium.remote.HttpCommandExecutor.execute(HttpCommandExecutor.java:136)
at org.openqa.selenium.remote.service.DriverCommandExecutor.execute(DriverCommandExecutor.java:83)
at org.openqa.selenium.remote.RemoteWebDriver.execute(RemoteWebDriver.java:552)
at org.openqa.selenium.remote.RemoteWebDriver.startSession(RemoteWebDriver.java:213)
at org.openqa.selenium.remote.RemoteWebDriver.<init>(RemoteWebDriver.java:131)
at org.openqa.selenium.chrome.ChromeDriver.<init>(ChromeDriver.java:181)
at org.openqa.selenium.chrome.ChromeDriver.<init>(ChromeDriver.java:168)
at org.openqa.selenium.chrome.ChromeDriver.<init>(ChromeDriver.java:157)
at commons.BaseTest.getBrowserDriver(BaseTest.java:42)
at com.nopcommere.user.Level_04_Multi_Browsers.beforeClass(Level_04_Multi_Browsers.java:39)
at java.base/jdk.internal.reflect.NativeMethodAccessorImpl.invoke0(Native Method)
at java.base/jdk.internal.reflect.NativeMethodAccessorImpl.invoke(NativeMethodAccessorImpl.java:62)
at java.base/jdk.internal.reflect.DelegatingMethodAccessorImpl.invoke(DelegatingMethodAccessorImpl.java:43)
at java.base/java.lang.reflect.Method.invoke(Method.java:566)
at org.testng.internal.MethodInvocationHelper.invokeMethod(MethodInvocationHelper.java:124)
at org.testng.internal.MethodInvocationHelper.invokeMethodConsideringTimeout(MethodInvocationHelper.java:59)
at org.testng.internal.Invoker.invokeConfigurationMethod(Invoker.java:458)
at org.testng.internal.Invoker.invokeConfigurations(Invoker.java:222)
at org.testng.internal.Invoker.invokeConfigurations(Invoker.java:142)
at org.testng.internal.TestMethodWorker.invokeBeforeClassMethods(TestMethodWorker.java:168)
at org.testng.internal.TestMethodWorker.run(TestMethodWorker.java:105)
at org.testng.TestRunner.privateRun(TestRunner.java:648)
at org.testng.TestRunner.run(TestRunner.java:505)
at org.testng.SuiteRunner.runTest(SuiteRunner.java:455)
at org.testng.SuiteRunner.runSequentially(SuiteRunner.java:450)
at org.testng.SuiteRunner.privateRun(SuiteRunner.java:415)
at org.testng.SuiteRunner.run(SuiteRunner.java:364)
at org.testng.SuiteRunnerWorker.runSuite(SuiteRunnerWorker.java:52)
at org.testng.SuiteRunnerWorker.run(SuiteRunnerWorker.java:84)
at org.testng.TestNG.runSuitesSequentially(TestNG.java:1208)
at org.testng.TestNG.runSuitesLocally(TestNG.java:1137)
at org.testng.TestNG.runSuites(TestNG.java:1049)
at org.testng.TestNG.run(TestNG.java:1017)
at org.testng.remote.AbstractRemoteTestNG.run(AbstractRemoteTestNG.java:115)
at org.testng.remote.RemoteTestNG.initAndRun(RemoteTestNG.java:251)
at org.testng.remote.RemoteTestNG.main(RemoteTestNG.java:77)
]]>
            </full-stacktrace>
          </exception> <!-- org.openqa.selenium.WebDriverException -->
          <reporter-output>
          </reporter-output>
        </test-method> <!-- Login_03_Email_Not_Found -->
        <test-method signature="Login_04_Existing_Email_Empty_Password()[pri:0, instance:com.nopcommere.user.Level_04_Multi_Browsers@2e377400]" started-at="2023-09-03T16:45:44Z" name="Login_04_Existing_Email_Empty_Password" finished-at="2023-09-03T16:45:44Z" duration-ms="0" status="SKIP">
          <exception class="org.openqa.selenium.WebDriverException">
            <message>
              <![CDATA[unknown error: Chrome failed to start: was killed.
  (unknown error: DevToolsActivePort file doesn't exist)
  (The process started from chrome location C:\Program Files\Google\Chrome\Application\chrome.exe is no longer running, so ChromeDriver is assuming that Chrome has crashed.)
Build info: version: '3.141.59', revision: 'e82be7d358', time: '2018-11-14T08:25:53'
System info: host: 'LAPTOP-DUVPB633', ip: '192.168.1.13', os.name: 'Windows 10', os.arch: 'amd64', os.version: '10.0', java.version: '11.0.17'
Driver info: driver.version: ChromeDriver
remote stacktrace: Backtrace:
Ordinal0 [0x005B78B3+2193587]
Ordinal0 [0x00550681+1771137]
Ordinal0 [0x004641A8+803240]
Ordinal0 [0x004829A1+928161]
Ordinal0 [0x0047EBC1+912321]
Ordinal0 [0x004B23B0+1123248]
Ordinal0 [0x004B200A+1122314]
Ordinal0 [0x004AD5C6+1103302]
Ordinal0 [0x004877E0+948192]
Ordinal0 [0x004886E6+952038]
GetHandleVerifier [0x00860CB2+2738370]
GetHandleVerifier [0x008521B8+2678216]
GetHandleVerifier [0x006417AA+512954]
GetHandleVerifier [0x00640856+509030]
Ordinal0 [0x0055743B+1799227]
Ordinal0 [0x0055BB68+1817448]
Ordinal0 [0x0055BC55+1817685]
Ordinal0 [0x00565230+1856048]
BaseThreadInitThunk [0x754000C9+25]
RtlGetAppContainerNamedObjectPath [0x77587B1E+286]
RtlGetAppContainerNamedObjectPath [0x77587AEE+238]
]]>
            </message>
            <full-stacktrace>
              <![CDATA[org.openqa.selenium.WebDriverException: unknown error: Chrome failed to start: was killed.
  (unknown error: DevToolsActivePort file doesn't exist)
  (The process started from chrome location C:\Program Files\Google\Chrome\Application\chrome.exe is no longer running, so ChromeDriver is assuming that Chrome has crashed.)
Build info: version: '3.141.59', revision: 'e82be7d358', time: '2018-11-14T08:25:53'
System info: host: 'LAPTOP-DUVPB633', ip: '192.168.1.13', os.name: 'Windows 10', os.arch: 'amd64', os.version: '10.0', java.version: '11.0.17'
Driver info: driver.version: ChromeDriver
remote stacktrace: Backtrace:
Ordinal0 [0x005B78B3+2193587]
Ordinal0 [0x00550681+1771137]
Ordinal0 [0x004641A8+803240]
Ordinal0 [0x004829A1+928161]
Ordinal0 [0x0047EBC1+912321]
Ordinal0 [0x004B23B0+1123248]
Ordinal0 [0x004B200A+1122314]
Ordinal0 [0x004AD5C6+1103302]
Ordinal0 [0x004877E0+948192]
Ordinal0 [0x004886E6+952038]
GetHandleVerifier [0x00860CB2+2738370]
GetHandleVerifier [0x008521B8+2678216]
GetHandleVerifier [0x006417AA+512954]
GetHandleVerifier [0x00640856+509030]
Ordinal0 [0x0055743B+1799227]
Ordinal0 [0x0055BB68+1817448]
Ordinal0 [0x0055BC55+1817685]
Ordinal0 [0x00565230+1856048]
BaseThreadInitThunk [0x754000C9+25]
RtlGetAppContainerNamedObjectPath [0x77587B1E+286]
RtlGetAppContainerNamedObjectPath [0x77587AEE+238]

at java.base/jdk.internal.reflect.NativeConstructorAccessorImpl.newInstance0(Native Method)
at java.base/jdk.internal.reflect.NativeConstructorAccessorImpl.newInstance(NativeConstructorAccessorImpl.java:62)
at java.base/jdk.internal.reflect.DelegatingConstructorAccessorImpl.newInstance(DelegatingConstructorAccessorImpl.java:45)
at java.base/java.lang.reflect.Constructor.newInstance(Constructor.java:490)
at org.openqa.selenium.remote.W3CHandshakeResponse.lambda$errorHandler$0(W3CHandshakeResponse.java:62)
at org.openqa.selenium.remote.HandshakeResponse.lambda$getResponseFunction$0(HandshakeResponse.java:30)
at org.openqa.selenium.remote.ProtocolHandshake.lambda$createSession$0(ProtocolHandshake.java:126)
at java.base/java.util.stream.ReferencePipeline$3$1.accept(ReferencePipeline.java:195)
at java.base/java.util.Spliterators$ArraySpliterator.tryAdvance(Spliterators.java:958)
at java.base/java.util.stream.ReferencePipeline.forEachWithCancel(ReferencePipeline.java:127)
at java.base/java.util.stream.AbstractPipeline.copyIntoWithCancel(AbstractPipeline.java:502)
at java.base/java.util.stream.AbstractPipeline.copyInto(AbstractPipeline.java:488)
at java.base/java.util.stream.AbstractPipeline.wrapAndCopyInto(AbstractPipeline.java:474)
at java.base/java.util.stream.FindOps$FindOp.evaluateSequential(FindOps.java:150)
at java.base/java.util.stream.AbstractPipeline.evaluate(AbstractPipeline.java:234)
at java.base/java.util.stream.ReferencePipeline.findFirst(ReferencePipeline.java:543)
at org.openqa.selenium.remote.ProtocolHandshake.createSession(ProtocolHandshake.java:128)
at org.openqa.selenium.remote.ProtocolHandshake.createSession(ProtocolHandshake.java:74)
at org.openqa.selenium.remote.HttpCommandExecutor.execute(HttpCommandExecutor.java:136)
at org.openqa.selenium.remote.service.DriverCommandExecutor.execute(DriverCommandExecutor.java:83)
at org.openqa.selenium.remote.RemoteWebDriver.execute(RemoteWebDriver.java:552)
at org.openqa.selenium.remote.RemoteWebDriver.startSession(RemoteWebDriver.java:213)
at org.openqa.selenium.remote.RemoteWebDriver.<init>(RemoteWebDriver.java:131)
at org.openqa.selenium.chrome.ChromeDriver.<init>(ChromeDriver.java:181)
at org.openqa.selenium.chrome.ChromeDriver.<init>(ChromeDriver.java:168)
at org.openqa.selenium.chrome.ChromeDriver.<init>(ChromeDriver.java:157)
at commons.BaseTest.getBrowserDriver(BaseTest.java:42)
at com.nopcommere.user.Level_04_Multi_Browsers.beforeClass(Level_04_Multi_Browsers.java:39)
at java.base/jdk.internal.reflect.NativeMethodAccessorImpl.invoke0(Native Method)
at java.base/jdk.internal.reflect.NativeMethodAccessorImpl.invoke(NativeMethodAccessorImpl.java:62)
at java.base/jdk.internal.reflect.DelegatingMethodAccessorImpl.invoke(DelegatingMethodAccessorImpl.java:43)
at java.base/java.lang.reflect.Method.invoke(Method.java:566)
at org.testng.internal.MethodInvocationHelper.invokeMethod(MethodInvocationHelper.java:124)
at org.testng.internal.MethodInvocationHelper.invokeMethodConsideringTimeout(MethodInvocationHelper.java:59)
at org.testng.internal.Invoker.invokeConfigurationMethod(Invoker.java:458)
at org.testng.internal.Invoker.invokeConfigurations(Invoker.java:222)
at org.testng.internal.Invoker.invokeConfigurations(Invoker.java:142)
at org.testng.internal.TestMethodWorker.invokeBeforeClassMethods(TestMethodWorker.java:168)
at org.testng.internal.TestMethodWorker.run(TestMethodWorker.java:105)
at org.testng.TestRunner.privateRun(TestRunner.java:648)
at org.testng.TestRunner.run(TestRunner.java:505)
at org.testng.SuiteRunner.runTest(SuiteRunner.java:455)
at org.testng.SuiteRunner.runSequentially(SuiteRunner.java:450)
at org.testng.SuiteRunner.privateRun(SuiteRunner.java:415)
at org.testng.SuiteRunner.run(SuiteRunner.java:364)
at org.testng.SuiteRunnerWorker.runSuite(SuiteRunnerWorker.java:52)
at org.testng.SuiteRunnerWorker.run(SuiteRunnerWorker.java:84)
at org.testng.TestNG.runSuitesSequentially(TestNG.java:1208)
at org.testng.TestNG.runSuitesLocally(TestNG.java:1137)
at org.testng.TestNG.runSuites(TestNG.java:1049)
at org.testng.TestNG.run(TestNG.java:1017)
at org.testng.remote.AbstractRemoteTestNG.run(AbstractRemoteTestNG.java:115)
at org.testng.remote.RemoteTestNG.initAndRun(RemoteTestNG.java:251)
at org.testng.remote.RemoteTestNG.main(RemoteTestNG.java:77)
]]>
            </full-stacktrace>
          </exception> <!-- org.openqa.selenium.WebDriverException -->
          <reporter-output>
          </reporter-output>
        </test-method> <!-- Login_04_Existing_Email_Empty_Password -->
        <test-method signature="Login_05_Existing_Email_Wrong_Password()[pri:0, instance:com.nopcommere.user.Level_04_Multi_Browsers@2e377400]" started-at="2023-09-03T16:45:44Z" name="Login_05_Existing_Email_Wrong_Password" finished-at="2023-09-03T16:45:44Z" duration-ms="0" status="SKIP">
          <exception class="org.openqa.selenium.WebDriverException">
            <message>
              <![CDATA[unknown error: Chrome failed to start: was killed.
  (unknown error: DevToolsActivePort file doesn't exist)
  (The process started from chrome location C:\Program Files\Google\Chrome\Application\chrome.exe is no longer running, so ChromeDriver is assuming that Chrome has crashed.)
Build info: version: '3.141.59', revision: 'e82be7d358', time: '2018-11-14T08:25:53'
System info: host: 'LAPTOP-DUVPB633', ip: '192.168.1.13', os.name: 'Windows 10', os.arch: 'amd64', os.version: '10.0', java.version: '11.0.17'
Driver info: driver.version: ChromeDriver
remote stacktrace: Backtrace:
Ordinal0 [0x005B78B3+2193587]
Ordinal0 [0x00550681+1771137]
Ordinal0 [0x004641A8+803240]
Ordinal0 [0x004829A1+928161]
Ordinal0 [0x0047EBC1+912321]
Ordinal0 [0x004B23B0+1123248]
Ordinal0 [0x004B200A+1122314]
Ordinal0 [0x004AD5C6+1103302]
Ordinal0 [0x004877E0+948192]
Ordinal0 [0x004886E6+952038]
GetHandleVerifier [0x00860CB2+2738370]
GetHandleVerifier [0x008521B8+2678216]
GetHandleVerifier [0x006417AA+512954]
GetHandleVerifier [0x00640856+509030]
Ordinal0 [0x0055743B+1799227]
Ordinal0 [0x0055BB68+1817448]
Ordinal0 [0x0055BC55+1817685]
Ordinal0 [0x00565230+1856048]
BaseThreadInitThunk [0x754000C9+25]
RtlGetAppContainerNamedObjectPath [0x77587B1E+286]
RtlGetAppContainerNamedObjectPath [0x77587AEE+238]
]]>
            </message>
            <full-stacktrace>
              <![CDATA[org.openqa.selenium.WebDriverException: unknown error: Chrome failed to start: was killed.
  (unknown error: DevToolsActivePort file doesn't exist)
  (The process started from chrome location C:\Program Files\Google\Chrome\Application\chrome.exe is no longer running, so ChromeDriver is assuming that Chrome has crashed.)
Build info: version: '3.141.59', revision: 'e82be7d358', time: '2018-11-14T08:25:53'
System info: host: 'LAPTOP-DUVPB633', ip: '192.168.1.13', os.name: 'Windows 10', os.arch: 'amd64', os.version: '10.0', java.version: '11.0.17'
Driver info: driver.version: ChromeDriver
remote stacktrace: Backtrace:
Ordinal0 [0x005B78B3+2193587]
Ordinal0 [0x00550681+1771137]
Ordinal0 [0x004641A8+803240]
Ordinal0 [0x004829A1+928161]
Ordinal0 [0x0047EBC1+912321]
Ordinal0 [0x004B23B0+1123248]
Ordinal0 [0x004B200A+1122314]
Ordinal0 [0x004AD5C6+1103302]
Ordinal0 [0x004877E0+948192]
Ordinal0 [0x004886E6+952038]
GetHandleVerifier [0x00860CB2+2738370]
GetHandleVerifier [0x008521B8+2678216]
GetHandleVerifier [0x006417AA+512954]
GetHandleVerifier [0x00640856+509030]
Ordinal0 [0x0055743B+1799227]
Ordinal0 [0x0055BB68+1817448]
Ordinal0 [0x0055BC55+1817685]
Ordinal0 [0x00565230+1856048]
BaseThreadInitThunk [0x754000C9+25]
RtlGetAppContainerNamedObjectPath [0x77587B1E+286]
RtlGetAppContainerNamedObjectPath [0x77587AEE+238]

at java.base/jdk.internal.reflect.NativeConstructorAccessorImpl.newInstance0(Native Method)
at java.base/jdk.internal.reflect.NativeConstructorAccessorImpl.newInstance(NativeConstructorAccessorImpl.java:62)
at java.base/jdk.internal.reflect.DelegatingConstructorAccessorImpl.newInstance(DelegatingConstructorAccessorImpl.java:45)
at java.base/java.lang.reflect.Constructor.newInstance(Constructor.java:490)
at org.openqa.selenium.remote.W3CHandshakeResponse.lambda$errorHandler$0(W3CHandshakeResponse.java:62)
at org.openqa.selenium.remote.HandshakeResponse.lambda$getResponseFunction$0(HandshakeResponse.java:30)
at org.openqa.selenium.remote.ProtocolHandshake.lambda$createSession$0(ProtocolHandshake.java:126)
at java.base/java.util.stream.ReferencePipeline$3$1.accept(ReferencePipeline.java:195)
at java.base/java.util.Spliterators$ArraySpliterator.tryAdvance(Spliterators.java:958)
at java.base/java.util.stream.ReferencePipeline.forEachWithCancel(ReferencePipeline.java:127)
at java.base/java.util.stream.AbstractPipeline.copyIntoWithCancel(AbstractPipeline.java:502)
at java.base/java.util.stream.AbstractPipeline.copyInto(AbstractPipeline.java:488)
at java.base/java.util.stream.AbstractPipeline.wrapAndCopyInto(AbstractPipeline.java:474)
at java.base/java.util.stream.FindOps$FindOp.evaluateSequential(FindOps.java:150)
at java.base/java.util.stream.AbstractPipeline.evaluate(AbstractPipeline.java:234)
at java.base/java.util.stream.ReferencePipeline.findFirst(ReferencePipeline.java:543)
at org.openqa.selenium.remote.ProtocolHandshake.createSession(ProtocolHandshake.java:128)
at org.openqa.selenium.remote.ProtocolHandshake.createSession(ProtocolHandshake.java:74)
at org.openqa.selenium.remote.HttpCommandExecutor.execute(HttpCommandExecutor.java:136)
at org.openqa.selenium.remote.service.DriverCommandExecutor.execute(DriverCommandExecutor.java:83)
at org.openqa.selenium.remote.RemoteWebDriver.execute(RemoteWebDriver.java:552)
at org.openqa.selenium.remote.RemoteWebDriver.startSession(RemoteWebDriver.java:213)
at org.openqa.selenium.remote.RemoteWebDriver.<init>(RemoteWebDriver.java:131)
at org.openqa.selenium.chrome.ChromeDriver.<init>(ChromeDriver.java:181)
at org.openqa.selenium.chrome.ChromeDriver.<init>(ChromeDriver.java:168)
at org.openqa.selenium.chrome.ChromeDriver.<init>(ChromeDriver.java:157)
at commons.BaseTest.getBrowserDriver(BaseTest.java:42)
at com.nopcommere.user.Level_04_Multi_Browsers.beforeClass(Level_04_Multi_Browsers.java:39)
at java.base/jdk.internal.reflect.NativeMethodAccessorImpl.invoke0(Native Method)
at java.base/jdk.internal.reflect.NativeMethodAccessorImpl.invoke(NativeMethodAccessorImpl.java:62)
at java.base/jdk.internal.reflect.DelegatingMethodAccessorImpl.invoke(DelegatingMethodAccessorImpl.java:43)
at java.base/java.lang.reflect.Method.invoke(Method.java:566)
at org.testng.internal.MethodInvocationHelper.invokeMethod(MethodInvocationHelper.java:124)
at org.testng.internal.MethodInvocationHelper.invokeMethodConsideringTimeout(MethodInvocationHelper.java:59)
at org.testng.internal.Invoker.invokeConfigurationMethod(Invoker.java:458)
at org.testng.internal.Invoker.invokeConfigurations(Invoker.java:222)
at org.testng.internal.Invoker.invokeConfigurations(Invoker.java:142)
at org.testng.internal.TestMethodWorker.invokeBeforeClassMethods(TestMethodWorker.java:168)
at org.testng.internal.TestMethodWorker.run(TestMethodWorker.java:105)
at org.testng.TestRunner.privateRun(TestRunner.java:648)
at org.testng.TestRunner.run(TestRunner.java:505)
at org.testng.SuiteRunner.runTest(SuiteRunner.java:455)
at org.testng.SuiteRunner.runSequentially(SuiteRunner.java:450)
at org.testng.SuiteRunner.privateRun(SuiteRunner.java:415)
at org.testng.SuiteRunner.run(SuiteRunner.java:364)
at org.testng.SuiteRunnerWorker.runSuite(SuiteRunnerWorker.java:52)
at org.testng.SuiteRunnerWorker.run(SuiteRunnerWorker.java:84)
at org.testng.TestNG.runSuitesSequentially(TestNG.java:1208)
at org.testng.TestNG.runSuitesLocally(TestNG.java:1137)
at org.testng.TestNG.runSuites(TestNG.java:1049)
at org.testng.TestNG.run(TestNG.java:1017)
at org.testng.remote.AbstractRemoteTestNG.run(AbstractRemoteTestNG.java:115)
at org.testng.remote.RemoteTestNG.initAndRun(RemoteTestNG.java:251)
at org.testng.remote.RemoteTestNG.main(RemoteTestNG.java:77)
]]>
            </full-stacktrace>
          </exception> <!-- org.openqa.selenium.WebDriverException -->
          <reporter-output>
          </reporter-output>
        </test-method> <!-- Login_05_Existing_Email_Wrong_Password -->
        <test-method signature="Login_06_Existing_Email_Correct_Password()[pri:0, instance:com.nopcommere.user.Level_04_Multi_Browsers@2e377400]" started-at="2023-09-03T16:45:44Z" name="Login_06_Existing_Email_Correct_Password" finished-at="2023-09-03T16:45:44Z" duration-ms="0" status="SKIP">
          <exception class="org.openqa.selenium.WebDriverException">
            <message>
              <![CDATA[unknown error: Chrome failed to start: was killed.
  (unknown error: DevToolsActivePort file doesn't exist)
  (The process started from chrome location C:\Program Files\Google\Chrome\Application\chrome.exe is no longer running, so ChromeDriver is assuming that Chrome has crashed.)
Build info: version: '3.141.59', revision: 'e82be7d358', time: '2018-11-14T08:25:53'
System info: host: 'LAPTOP-DUVPB633', ip: '192.168.1.13', os.name: 'Windows 10', os.arch: 'amd64', os.version: '10.0', java.version: '11.0.17'
Driver info: driver.version: ChromeDriver
remote stacktrace: Backtrace:
Ordinal0 [0x005B78B3+2193587]
Ordinal0 [0x00550681+1771137]
Ordinal0 [0x004641A8+803240]
Ordinal0 [0x004829A1+928161]
Ordinal0 [0x0047EBC1+912321]
Ordinal0 [0x004B23B0+1123248]
Ordinal0 [0x004B200A+1122314]
Ordinal0 [0x004AD5C6+1103302]
Ordinal0 [0x004877E0+948192]
Ordinal0 [0x004886E6+952038]
GetHandleVerifier [0x00860CB2+2738370]
GetHandleVerifier [0x008521B8+2678216]
GetHandleVerifier [0x006417AA+512954]
GetHandleVerifier [0x00640856+509030]
Ordinal0 [0x0055743B+1799227]
Ordinal0 [0x0055BB68+1817448]
Ordinal0 [0x0055BC55+1817685]
Ordinal0 [0x00565230+1856048]
BaseThreadInitThunk [0x754000C9+25]
RtlGetAppContainerNamedObjectPath [0x77587B1E+286]
RtlGetAppContainerNamedObjectPath [0x77587AEE+238]
]]>
            </message>
            <full-stacktrace>
              <![CDATA[org.openqa.selenium.WebDriverException: unknown error: Chrome failed to start: was killed.
  (unknown error: DevToolsActivePort file doesn't exist)
  (The process started from chrome location C:\Program Files\Google\Chrome\Application\chrome.exe is no longer running, so ChromeDriver is assuming that Chrome has crashed.)
Build info: version: '3.141.59', revision: 'e82be7d358', time: '2018-11-14T08:25:53'
System info: host: 'LAPTOP-DUVPB633', ip: '192.168.1.13', os.name: 'Windows 10', os.arch: 'amd64', os.version: '10.0', java.version: '11.0.17'
Driver info: driver.version: ChromeDriver
remote stacktrace: Backtrace:
Ordinal0 [0x005B78B3+2193587]
Ordinal0 [0x00550681+1771137]
Ordinal0 [0x004641A8+803240]
Ordinal0 [0x004829A1+928161]
Ordinal0 [0x0047EBC1+912321]
Ordinal0 [0x004B23B0+1123248]
Ordinal0 [0x004B200A+1122314]
Ordinal0 [0x004AD5C6+1103302]
Ordinal0 [0x004877E0+948192]
Ordinal0 [0x004886E6+952038]
GetHandleVerifier [0x00860CB2+2738370]
GetHandleVerifier [0x008521B8+2678216]
GetHandleVerifier [0x006417AA+512954]
GetHandleVerifier [0x00640856+509030]
Ordinal0 [0x0055743B+1799227]
Ordinal0 [0x0055BB68+1817448]
Ordinal0 [0x0055BC55+1817685]
Ordinal0 [0x00565230+1856048]
BaseThreadInitThunk [0x754000C9+25]
RtlGetAppContainerNamedObjectPath [0x77587B1E+286]
RtlGetAppContainerNamedObjectPath [0x77587AEE+238]

at java.base/jdk.internal.reflect.NativeConstructorAccessorImpl.newInstance0(Native Method)
at java.base/jdk.internal.reflect.NativeConstructorAccessorImpl.newInstance(NativeConstructorAccessorImpl.java:62)
at java.base/jdk.internal.reflect.DelegatingConstructorAccessorImpl.newInstance(DelegatingConstructorAccessorImpl.java:45)
at java.base/java.lang.reflect.Constructor.newInstance(Constructor.java:490)
at org.openqa.selenium.remote.W3CHandshakeResponse.lambda$errorHandler$0(W3CHandshakeResponse.java:62)
at org.openqa.selenium.remote.HandshakeResponse.lambda$getResponseFunction$0(HandshakeResponse.java:30)
at org.openqa.selenium.remote.ProtocolHandshake.lambda$createSession$0(ProtocolHandshake.java:126)
at java.base/java.util.stream.ReferencePipeline$3$1.accept(ReferencePipeline.java:195)
at java.base/java.util.Spliterators$ArraySpliterator.tryAdvance(Spliterators.java:958)
at java.base/java.util.stream.ReferencePipeline.forEachWithCancel(ReferencePipeline.java:127)
at java.base/java.util.stream.AbstractPipeline.copyIntoWithCancel(AbstractPipeline.java:502)
at java.base/java.util.stream.AbstractPipeline.copyInto(AbstractPipeline.java:488)
at java.base/java.util.stream.AbstractPipeline.wrapAndCopyInto(AbstractPipeline.java:474)
at java.base/java.util.stream.FindOps$FindOp.evaluateSequential(FindOps.java:150)
at java.base/java.util.stream.AbstractPipeline.evaluate(AbstractPipeline.java:234)
at java.base/java.util.stream.ReferencePipeline.findFirst(ReferencePipeline.java:543)
at org.openqa.selenium.remote.ProtocolHandshake.createSession(ProtocolHandshake.java:128)
at org.openqa.selenium.remote.ProtocolHandshake.createSession(ProtocolHandshake.java:74)
at org.openqa.selenium.remote.HttpCommandExecutor.execute(HttpCommandExecutor.java:136)
at org.openqa.selenium.remote.service.DriverCommandExecutor.execute(DriverCommandExecutor.java:83)
at org.openqa.selenium.remote.RemoteWebDriver.execute(RemoteWebDriver.java:552)
at org.openqa.selenium.remote.RemoteWebDriver.startSession(RemoteWebDriver.java:213)
at org.openqa.selenium.remote.RemoteWebDriver.<init>(RemoteWebDriver.java:131)
at org.openqa.selenium.chrome.ChromeDriver.<init>(ChromeDriver.java:181)
at org.openqa.selenium.chrome.ChromeDriver.<init>(ChromeDriver.java:168)
at org.openqa.selenium.chrome.ChromeDriver.<init>(ChromeDriver.java:157)
at commons.BaseTest.getBrowserDriver(BaseTest.java:42)
at com.nopcommere.user.Level_04_Multi_Browsers.beforeClass(Level_04_Multi_Browsers.java:39)
at java.base/jdk.internal.reflect.NativeMethodAccessorImpl.invoke0(Native Method)
at java.base/jdk.internal.reflect.NativeMethodAccessorImpl.invoke(NativeMethodAccessorImpl.java:62)
at java.base/jdk.internal.reflect.DelegatingMethodAccessorImpl.invoke(DelegatingMethodAccessorImpl.java:43)
at java.base/java.lang.reflect.Method.invoke(Method.java:566)
at org.testng.internal.MethodInvocationHelper.invokeMethod(MethodInvocationHelper.java:124)
at org.testng.internal.MethodInvocationHelper.invokeMethodConsideringTimeout(MethodInvocationHelper.java:59)
at org.testng.internal.Invoker.invokeConfigurationMethod(Invoker.java:458)
at org.testng.internal.Invoker.invokeConfigurations(Invoker.java:222)
at org.testng.internal.Invoker.invokeConfigurations(Invoker.java:142)
at org.testng.internal.TestMethodWorker.invokeBeforeClassMethods(TestMethodWorker.java:168)
at org.testng.internal.TestMethodWorker.run(TestMethodWorker.java:105)
at org.testng.TestRunner.privateRun(TestRunner.java:648)
at org.testng.TestRunner.run(TestRunner.java:505)
at org.testng.SuiteRunner.runTest(SuiteRunner.java:455)
at org.testng.SuiteRunner.runSequentially(SuiteRunner.java:450)
at org.testng.SuiteRunner.privateRun(SuiteRunner.java:415)
at org.testng.SuiteRunner.run(SuiteRunner.java:364)
at org.testng.SuiteRunnerWorker.runSuite(SuiteRunnerWorker.java:52)
at org.testng.SuiteRunnerWorker.run(SuiteRunnerWorker.java:84)
at org.testng.TestNG.runSuitesSequentially(TestNG.java:1208)
at org.testng.TestNG.runSuitesLocally(TestNG.java:1137)
at org.testng.TestNG.runSuites(TestNG.java:1049)
at org.testng.TestNG.run(TestNG.java:1017)
at org.testng.remote.AbstractRemoteTestNG.run(AbstractRemoteTestNG.java:115)
at org.testng.remote.RemoteTestNG.initAndRun(RemoteTestNG.java:251)
at org.testng.remote.RemoteTestNG.main(RemoteTestNG.java:77)
]]>
            </full-stacktrace>
          </exception> <!-- org.openqa.selenium.WebDriverException -->
          <reporter-output>
          </reporter-output>
        </test-method> <!-- Login_06_Existing_Email_Correct_Password -->
        <test-method is-config="true" signature="afterClass()[pri:0, instance:com.nopcommere.user.Level_04_Multi_Browsers@2e377400]" started-at="2023-09-03T16:45:44Z" name="afterClass" finished-at="2023-09-03T16:45:44Z" duration-ms="0" status="SKIP">
          <reporter-output>
          </reporter-output>
        </test-method> <!-- afterClass -->
      </class> <!-- com.nopcommere.user.Level_04_Multi_Browsers -->
    </test> <!-- Run on Headless Chrome -->
  </suite> <!-- Suite -->
</testng-results>
