<?xml version="1.0" encoding="UTF-8"?>
<!-- Generated by org.testng.reporters.JUnitReportReporter -->
<testsuite hostname="LAPTOP-DUVPB633" failures="0" tests="13" name="com.nopcommere.user.Level_04_Multi_Browsers" time="11.196" errors="1" timestamp="03 Sep 2023 16:45:44 GMT" skipped="6">
  <testcase classname="com.nopcommere.user.Level_04_Multi_Browsers" name="Login_01_Empty_Data" time="0.000">
    <skipped/>
  </testcase> <!-- Login_01_Empty_Data -->
  <testcase classname="com.nopcommere.user.Level_04_Multi_Browsers" name="Login_01_Empty_Data" time="0.943"/>
  <testcase classname="com.nopcommere.user.Level_04_Multi_Browsers" name="beforeClass" time="3.464">
    <error message="unknown error: Chrome failed to start: was killed.
  (unknown error: DevToolsActivePort file doesn&#039;t exist)
  (The process started from chrome location C:\Program Files\Google\Chrome\Application\chrome.exe is no longer running, so ChromeDriver is assuming that Chrome has crashed.)
Build info: version: &#039;3.141.59&#039;, revision: &#039;e82be7d358&#039;, time: &#039;2018-11-14T08:25:53&#039;
System info: host: &#039;LAPTOP-DUVPB633&#039;, ip: &#039;192.168.1.13&#039;, os.name: &#039;Windows 10&#039;, os.arch: &#039;amd64&#039;, os.version: &#039;10.0&#039;, java.version: &#039;11.0.17&#039;
Driver info: driver.version: ChromeDriver
remote stacktrace: Backtrace:
	Ordinal0 [0x005B78B3+2193587]
	Ordinal0 [0x00550681+1771137]
	Ordinal0 [0x004641A8+803240]
	Ordinal0 [0x004829A1+928161]
	Ordinal0 [0x0047EBC1+912321]
	Ordinal0 [0x004B23B0+1123248]
	Ordinal0 [0x004B200A+1122314]
	Ordinal0 [0x004AD5C6+1103302]
	Ordinal0 [0x004877E0+948192]
	Ordinal0 [0x004886E6+952038]
	GetHandleVerifier [0x00860CB2+2738370]
	GetHandleVerifier [0x008521B8+2678216]
	GetHandleVerifier [0x006417AA+512954]
	GetHandleVerifier [0x00640856+509030]
	Ordinal0 [0x0055743B+1799227]
	Ordinal0 [0x0055BB68+1817448]
	Ordinal0 [0x0055BC55+1817685]
	Ordinal0 [0x00565230+1856048]
	BaseThreadInitThunk [0x754000C9+25]
	RtlGetAppContainerNamedObjectPath [0x77587B1E+286]
	RtlGetAppContainerNamedObjectPath [0x77587AEE+238]
" type="org.openqa.selenium.WebDriverException">
      <![CDATA[org.openqa.selenium.WebDriverException: unknown error: Chrome failed to start: was killed.
  (unknown error: DevToolsActivePort file doesn't exist)
  (The process started from chrome location C:\Program Files\Google\Chrome\Application\chrome.exe is no longer running, so ChromeDriver is assuming that Chrome has crashed.)
Build info: version: '3.141.59', revision: 'e82be7d358', time: '2018-11-14T08:25:53'
System info: host: 'LAPTOP-DUVPB633', ip: '192.168.1.13', os.name: 'Windows 10', os.arch: 'amd64', os.version: '10.0', java.version: '11.0.17'
Driver info: driver.version: ChromeDriver
remote stacktrace: Backtrace:
Ordinal0 [0x005B78B3+2193587]
Ordinal0 [0x00550681+1771137]
Ordinal0 [0x004641A8+803240]
Ordinal0 [0x004829A1+928161]
Ordinal0 [0x0047EBC1+912321]
Ordinal0 [0x004B23B0+1123248]
Ordinal0 [0x004B200A+1122314]
Ordinal0 [0x004AD5C6+1103302]
Ordinal0 [0x004877E0+948192]
Ordinal0 [0x004886E6+952038]
GetHandleVerifier [0x00860CB2+2738370]
GetHandleVerifier [0x008521B8+2678216]
GetHandleVerifier [0x006417AA+512954]
GetHandleVerifier [0x00640856+509030]
Ordinal0 [0x0055743B+1799227]
Ordinal0 [0x0055BB68+1817448]
Ordinal0 [0x0055BC55+1817685]
Ordinal0 [0x00565230+1856048]
BaseThreadInitThunk [0x754000C9+25]
RtlGetAppContainerNamedObjectPath [0x77587B1E+286]
RtlGetAppContainerNamedObjectPath [0x77587AEE+238]

at java.base/jdk.internal.reflect.NativeConstructorAccessorImpl.newInstance0(Native Method)
at java.base/jdk.internal.reflect.NativeConstructorAccessorImpl.newInstance(NativeConstructorAccessorImpl.java:62)
at java.base/jdk.internal.reflect.DelegatingConstructorAccessorImpl.newInstance(DelegatingConstructorAccessorImpl.java:45)
at java.base/java.lang.reflect.Constructor.newInstance(Constructor.java:490)
at org.openqa.selenium.remote.W3CHandshakeResponse.lambda$errorHandler$0(W3CHandshakeResponse.java:62)
at org.openqa.selenium.remote.HandshakeResponse.lambda$getResponseFunction$0(HandshakeResponse.java:30)
at org.openqa.selenium.remote.ProtocolHandshake.lambda$createSession$0(ProtocolHandshake.java:126)
at java.base/java.util.stream.ReferencePipeline$3$1.accept(ReferencePipeline.java:195)
at java.base/java.util.Spliterators$ArraySpliterator.tryAdvance(Spliterators.java:958)
at java.base/java.util.stream.ReferencePipeline.forEachWithCancel(ReferencePipeline.java:127)
at java.base/java.util.stream.AbstractPipeline.copyIntoWithCancel(AbstractPipeline.java:502)
at java.base/java.util.stream.AbstractPipeline.copyInto(AbstractPipeline.java:488)
at java.base/java.util.stream.AbstractPipeline.wrapAndCopyInto(AbstractPipeline.java:474)
at java.base/java.util.stream.FindOps$FindOp.evaluateSequential(FindOps.java:150)
at java.base/java.util.stream.AbstractPipeline.evaluate(AbstractPipeline.java:234)
at java.base/java.util.stream.ReferencePipeline.findFirst(ReferencePipeline.java:543)
at org.openqa.selenium.remote.ProtocolHandshake.createSession(ProtocolHandshake.java:128)
at org.openqa.selenium.remote.ProtocolHandshake.createSession(ProtocolHandshake.java:74)
at org.openqa.selenium.remote.HttpCommandExecutor.execute(HttpCommandExecutor.java:136)
at org.openqa.selenium.remote.service.DriverCommandExecutor.execute(DriverCommandExecutor.java:83)
at org.openqa.selenium.remote.RemoteWebDriver.execute(RemoteWebDriver.java:552)
at org.openqa.selenium.remote.RemoteWebDriver.startSession(RemoteWebDriver.java:213)
at org.openqa.selenium.remote.RemoteWebDriver.<init>(RemoteWebDriver.java:131)
at org.openqa.selenium.chrome.ChromeDriver.<init>(ChromeDriver.java:181)
at org.openqa.selenium.chrome.ChromeDriver.<init>(ChromeDriver.java:168)
at org.openqa.selenium.chrome.ChromeDriver.<init>(ChromeDriver.java:157)
at commons.BaseTest.getBrowserDriver(BaseTest.java:42)
at com.nopcommere.user.Level_04_Multi_Browsers.beforeClass(Level_04_Multi_Browsers.java:39)
at java.base/jdk.internal.reflect.NativeMethodAccessorImpl.invoke0(Native Method)
at java.base/jdk.internal.reflect.NativeMethodAccessorImpl.invoke(NativeMethodAccessorImpl.java:62)
at java.base/jdk.internal.reflect.DelegatingMethodAccessorImpl.invoke(DelegatingMethodAccessorImpl.java:43)
at java.base/java.lang.reflect.Method.invoke(Method.java:566)
at org.testng.internal.MethodInvocationHelper.invokeMethod(MethodInvocationHelper.java:124)
at org.testng.internal.MethodInvocationHelper.invokeMethodConsideringTimeout(MethodInvocationHelper.java:59)
at org.testng.internal.Invoker.invokeConfigurationMethod(Invoker.java:458)
at org.testng.internal.Invoker.invokeConfigurations(Invoker.java:222)
at org.testng.internal.Invoker.invokeConfigurations(Invoker.java:142)
at org.testng.internal.TestMethodWorker.invokeBeforeClassMethods(TestMethodWorker.java:168)
at org.testng.internal.TestMethodWorker.run(TestMethodWorker.java:105)
at org.testng.TestRunner.privateRun(TestRunner.java:648)
at org.testng.TestRunner.run(TestRunner.java:505)
at org.testng.SuiteRunner.runTest(SuiteRunner.java:455)
at org.testng.SuiteRunner.runSequentially(SuiteRunner.java:450)
at org.testng.SuiteRunner.privateRun(SuiteRunner.java:415)
at org.testng.SuiteRunner.run(SuiteRunner.java:364)
at org.testng.SuiteRunnerWorker.runSuite(SuiteRunnerWorker.java:52)
at org.testng.SuiteRunnerWorker.run(SuiteRunnerWorker.java:84)
at org.testng.TestNG.runSuitesSequentially(TestNG.java:1208)
at org.testng.TestNG.runSuitesLocally(TestNG.java:1137)
at org.testng.TestNG.runSuites(TestNG.java:1049)
at org.testng.TestNG.run(TestNG.java:1017)
at org.testng.remote.AbstractRemoteTestNG.run(AbstractRemoteTestNG.java:115)
at org.testng.remote.RemoteTestNG.initAndRun(RemoteTestNG.java:251)
at org.testng.remote.RemoteTestNG.main(RemoteTestNG.java:77)
]]>
    </error>
  </testcase> <!-- beforeClass -->
  <testcase classname="com.nopcommere.user.Level_04_Multi_Browsers" name="Login_02_Invalid_Email" time="1.031"/>
  <testcase classname="com.nopcommere.user.Level_04_Multi_Browsers" name="Login_03_Email_Not_Found" time="0.000">
    <skipped/>
  </testcase> <!-- Login_03_Email_Not_Found -->
  <testcase classname="com.nopcommere.user.Level_04_Multi_Browsers" name="Login_04_Existing_Email_Empty_Password" time="1.669"/>
  <testcase classname="com.nopcommere.user.Level_04_Multi_Browsers" name="Login_02_Invalid_Email" time="0.000">
    <skipped/>
  </testcase> <!-- Login_02_Invalid_Email -->
  <testcase classname="com.nopcommere.user.Level_04_Multi_Browsers" name="Login_06_Existing_Email_Correct_Password" time="1.492"/>
  <testcase classname="com.nopcommere.user.Level_04_Multi_Browsers" name="Login_03_Email_Not_Found" time="1.305"/>
  <testcase classname="com.nopcommere.user.Level_04_Multi_Browsers" name="Login_05_Existing_Email_Wrong_Password" time="1.292"/>
  <testcase classname="com.nopcommere.user.Level_04_Multi_Browsers" name="Login_04_Existing_Email_Empty_Password" time="0.000">
    <skipped/>
  </testcase> <!-- Login_04_Existing_Email_Empty_Password -->
  <testcase classname="com.nopcommere.user.Level_04_Multi_Browsers" name="Login_05_Existing_Email_Wrong_Password" time="0.000">
    <skipped/>
  </testcase> <!-- Login_05_Existing_Email_Wrong_Password -->
  <testcase classname="com.nopcommere.user.Level_04_Multi_Browsers" name="Login_06_Existing_Email_Correct_Password" time="0.000">
    <skipped/>
  </testcase> <!-- Login_06_Existing_Email_Correct_Password -->
</testsuite> <!-- com.nopcommere.user.Level_04_Multi_Browsers -->
